{
  "/Users/samrice/Turing/4mod/streamr-fe/src/Providers/UserTypes.js": {
    "path": "/Users/samrice/Turing/4mod/streamr-fe/src/Providers/UserTypes.js",
    "statementMap": {
      "0": {
        "start": {
          "line": 1,
          "column": 18
        },
        "end": {
          "line": 5,
          "column": 1
        }
      }
    },
    "fnMap": {},
    "branchMap": {},
    "s": {
      "0": 16
    },
    "f": {},
    "b": {},
    "_coverageSchema": "1a1c01bbd47fc00a2c39e90264f33305004495a9",
    "hash": "6b186cb5c139ea4b0f65a5e2a63c921cfec922a3"
  },
  "/Users/samrice/Turing/4mod/streamr-fe/src/Providers/UserReducer.js": {
    "path": "/Users/samrice/Turing/4mod/streamr-fe/src/Providers/UserReducer.js",
    "statementMap": {
      "0": {
        "start": {
          "line": 3,
          "column": 33
        },
        "end": {
          "line": 5,
          "column": 1
        }
      },
      "1": {
        "start": {
          "line": 7,
          "column": 20
        },
        "end": {
          "line": 38,
          "column": 1
        }
      },
      "2": {
        "start": {
          "line": 8,
          "column": 2
        },
        "end": {
          "line": 37,
          "column": 3
        }
      },
      "3": {
        "start": {
          "line": 10,
          "column": 6
        },
        "end": {
          "line": 14,
          "column": 7
        }
      },
      "4": {
        "start": {
          "line": 16,
          "column": 6
        },
        "end": {
          "line": 24,
          "column": 7
        }
      },
      "5": {
        "start": {
          "line": 26,
          "column": 27
        },
        "end": {
          "line": 28,
          "column": 8
        }
      },
      "6": {
        "start": {
          "line": 27,
          "column": 8
        },
        "end": {
          "line": 27,
          "column": 41
        }
      },
      "7": {
        "start": {
          "line": 29,
          "column": 6
        },
        "end": {
          "line": 34,
          "column": 7
        }
      },
      "8": {
        "start": {
          "line": 36,
          "column": 6
        },
        "end": {
          "line": 36,
          "column": 18
        }
      }
    },
    "fnMap": {
      "0": {
        "name": "(anonymous_0)",
        "decl": {
          "start": {
            "line": 7,
            "column": 20
          },
          "end": {
            "line": 7,
            "column": 21
          }
        },
        "loc": {
          "start": {
            "line": 7,
            "column": 39
          },
          "end": {
            "line": 38,
            "column": 1
          }
        },
        "line": 7
      },
      "1": {
        "name": "(anonymous_1)",
        "decl": {
          "start": {
            "line": 26,
            "column": 67
          },
          "end": {
            "line": 26,
            "column": 68
          }
        },
        "loc": {
          "start": {
            "line": 26,
            "column": 75
          },
          "end": {
            "line": 28,
            "column": 7
          }
        },
        "line": 26
      }
    },
    "branchMap": {
      "0": {
        "loc": {
          "start": {
            "line": 8,
            "column": 2
          },
          "end": {
            "line": 37,
            "column": 3
          }
        },
        "type": "switch",
        "locations": [
          {
            "start": {
              "line": 9,
              "column": 4
            },
            "end": {
              "line": 14,
              "column": 7
            }
          },
          {
            "start": {
              "line": 15,
              "column": 4
            },
            "end": {
              "line": 24,
              "column": 7
            }
          },
          {
            "start": {
              "line": 25,
              "column": 4
            },
            "end": {
              "line": 34,
              "column": 7
            }
          },
          {
            "start": {
              "line": 35,
              "column": 4
            },
            "end": {
              "line": 36,
              "column": 18
            }
          }
        ],
        "line": 8
      }
    },
    "s": {
      "0": 16,
      "1": 16,
      "2": 16,
      "3": 16,
      "4": 0,
      "5": 0,
      "6": 0,
      "7": 0,
      "8": 0
    },
    "f": {
      "0": 16,
      "1": 0
    },
    "b": {
      "0": [
        16,
        0,
        0,
        0
      ]
    },
    "_coverageSchema": "1a1c01bbd47fc00a2c39e90264f33305004495a9",
    "hash": "8f5e3172eba0a39388fd0b94e5f377f23d4eaf36"
  },
  "/Users/samrice/Turing/4mod/streamr-fe/src/Providers/UserContext.js": {
    "path": "/Users/samrice/Turing/4mod/streamr-fe/src/Providers/UserContext.js",
    "statementMap": {
      "0": {
        "start": {
          "line": 5,
          "column": 27
        },
        "end": {
          "line": 5,
          "column": 66
        }
      },
      "1": {
        "start": {
          "line": 7,
          "column": 21
        },
        "end": {
          "line": 42,
          "column": 1
        }
      },
      "2": {
        "start": {
          "line": 8,
          "column": 28
        },
        "end": {
          "line": 8,
          "column": 70
        }
      },
      "3": {
        "start": {
          "line": 9,
          "column": 26
        },
        "end": {
          "line": 9,
          "column": 31
        }
      },
      "4": {
        "start": {
          "line": 11,
          "column": 18
        },
        "end": {
          "line": 16,
          "column": 3
        }
      },
      "5": {
        "start": {
          "line": 12,
          "column": 4
        },
        "end": {
          "line": 15,
          "column": 6
        }
      },
      "6": {
        "start": {
          "line": 18,
          "column": 25
        },
        "end": {
          "line": 23,
          "column": 3
        }
      },
      "7": {
        "start": {
          "line": 19,
          "column": 4
        },
        "end": {
          "line": 22,
          "column": 6
        }
      },
      "8": {
        "start": {
          "line": 25,
          "column": 30
        },
        "end": {
          "line": 30,
          "column": 3
        }
      },
      "9": {
        "start": {
          "line": 26,
          "column": 4
        },
        "end": {
          "line": 29,
          "column": 6
        }
      },
      "10": {
        "start": {
          "line": 32,
          "column": 2
        },
        "end": {
          "line": 41,
          "column": 3
        }
      }
    },
    "fnMap": {
      "0": {
        "name": "(anonymous_0)",
        "decl": {
          "start": {
            "line": 7,
            "column": 21
          },
          "end": {
            "line": 7,
            "column": 22
          }
        },
        "loc": {
          "start": {
            "line": 7,
            "column": 39
          },
          "end": {
            "line": 42,
            "column": 1
          }
        },
        "line": 7
      },
      "1": {
        "name": "(anonymous_1)",
        "decl": {
          "start": {
            "line": 11,
            "column": 18
          },
          "end": {
            "line": 11,
            "column": 19
          }
        },
        "loc": {
          "start": {
            "line": 11,
            "column": 32
          },
          "end": {
            "line": 16,
            "column": 3
          }
        },
        "line": 11
      },
      "2": {
        "name": "(anonymous_2)",
        "decl": {
          "start": {
            "line": 18,
            "column": 25
          },
          "end": {
            "line": 18,
            "column": 26
          }
        },
        "loc": {
          "start": {
            "line": 18,
            "column": 35
          },
          "end": {
            "line": 23,
            "column": 3
          }
        },
        "line": 18
      },
      "3": {
        "name": "(anonymous_3)",
        "decl": {
          "start": {
            "line": 25,
            "column": 30
          },
          "end": {
            "line": 25,
            "column": 31
          }
        },
        "loc": {
          "start": {
            "line": 25,
            "column": 42
          },
          "end": {
            "line": 30,
            "column": 3
          }
        },
        "line": 25
      }
    },
    "branchMap": {},
    "s": {
      "0": 16,
      "1": 16,
      "2": 32,
      "3": 32,
      "4": 32,
      "5": 16,
      "6": 32,
      "7": 0,
      "8": 32,
      "9": 0,
      "10": 32
    },
    "f": {
      "0": 32,
      "1": 16,
      "2": 0,
      "3": 0
    },
    "b": {},
    "_coverageSchema": "1a1c01bbd47fc00a2c39e90264f33305004495a9",
    "hash": "d4170dfb374fcb5c46d2299d757a19f2365cde05"
  },
  "/Users/samrice/Turing/4mod/streamr-fe/src/GraphQL/Queries.js": {
    "path": "/Users/samrice/Turing/4mod/streamr-fe/src/GraphQL/Queries.js",
    "statementMap": {
      "0": {
        "start": {
          "line": 3,
          "column": 24
        },
        "end": {
          "line": 41,
          "column": 1
        }
      },
      "1": {
        "start": {
          "line": 43,
          "column": 32
        },
        "end": {
          "line": 73,
          "column": 1
        }
      },
      "2": {
        "start": {
          "line": 75,
          "column": 34
        },
        "end": {
          "line": 89,
          "column": 1
        }
      },
      "3": {
        "start": {
          "line": 91,
          "column": 29
        },
        "end": {
          "line": 98,
          "column": 1
        }
      },
      "4": {
        "start": {
          "line": 100,
          "column": 37
        },
        "end": {
          "line": 107,
          "column": 1
        }
      }
    },
    "fnMap": {},
    "branchMap": {},
    "s": {
      "0": 16,
      "1": 16,
      "2": 16,
      "3": 16,
      "4": 16
    },
    "f": {},
    "b": {},
    "_coverageSchema": "1a1c01bbd47fc00a2c39e90264f33305004495a9",
    "hash": "ae2c33b581a22c44a9e8cfc4ac9e4609bdbf0e97"
  },
  "/Users/samrice/Turing/4mod/streamr-fe/src/Components/Error/Error.js": {
    "path": "/Users/samrice/Turing/4mod/streamr-fe/src/Components/Error/Error.js",
    "statementMap": {
      "0": {
        "start": {
          "line": 5,
          "column": 14
        },
        "end": {
          "line": 14,
          "column": 1
        }
      },
      "1": {
        "start": {
          "line": 6,
          "column": 4
        },
        "end": {
          "line": 13,
          "column": 5
        }
      }
    },
    "fnMap": {
      "0": {
        "name": "(anonymous_0)",
        "decl": {
          "start": {
            "line": 5,
            "column": 14
          },
          "end": {
            "line": 5,
            "column": 15
          }
        },
        "loc": {
          "start": {
            "line": 5,
            "column": 20
          },
          "end": {
            "line": 14,
            "column": 1
          }
        },
        "line": 5
      }
    },
    "branchMap": {},
    "s": {
      "0": 16,
      "1": 0
    },
    "f": {
      "0": 0
    },
    "b": {},
    "_coverageSchema": "1a1c01bbd47fc00a2c39e90264f33305004495a9",
    "hash": "c4370cba7f89f8f3bae2953cad8b3f468d6c65f4"
  },
  "/Users/samrice/Turing/4mod/streamr-fe/src/Components/LoginPage/LoginPage.js": {
    "path": "/Users/samrice/Turing/4mod/streamr-fe/src/Components/LoginPage/LoginPage.js",
    "statementMap": {
      "0": {
        "start": {
          "line": 13,
          "column": 18
        },
        "end": {
          "line": 128,
          "column": 1
        }
      },
      "1": {
        "start": {
          "line": 14,
          "column": 19
        },
        "end": {
          "line": 14,
          "column": 32
        }
      },
      "2": {
        "start": {
          "line": 15,
          "column": 35
        },
        "end": {
          "line": 15,
          "column": 58
        }
      },
      "3": {
        "start": {
          "line": 16,
          "column": 26
        },
        "end": {
          "line": 16,
          "column": 49
        }
      },
      "4": {
        "start": {
          "line": 17,
          "column": 38
        },
        "end": {
          "line": 17,
          "column": 53
        }
      },
      "5": {
        "start": {
          "line": 18,
          "column": 20
        },
        "end": {
          "line": 18,
          "column": 42
        }
      },
      "6": {
        "start": {
          "line": 19,
          "column": 34
        },
        "end": {
          "line": 19,
          "column": 46
        }
      },
      "7": {
        "start": {
          "line": 20,
          "column": 38
        },
        "end": {
          "line": 26,
          "column": 4
        }
      },
      "8": {
        "start": {
          "line": 28,
          "column": 2
        },
        "end": {
          "line": 30,
          "column": 32
        }
      },
      "9": {
        "start": {
          "line": 29,
          "column": 4
        },
        "end": {
          "line": 29,
          "column": 45
        }
      },
      "10": {
        "start": {
          "line": 29,
          "column": 34
        },
        "end": {
          "line": 29,
          "column": 45
        }
      },
      "11": {
        "start": {
          "line": 32,
          "column": 2
        },
        "end": {
          "line": 34,
          "column": 19
        }
      },
      "12": {
        "start": {
          "line": 33,
          "column": 4
        },
        "end": {
          "line": 33,
          "column": 34
        }
      },
      "13": {
        "start": {
          "line": 33,
          "column": 21
        },
        "end": {
          "line": 33,
          "column": 34
        }
      },
      "14": {
        "start": {
          "line": 36,
          "column": 20
        },
        "end": {
          "line": 46,
          "column": 3
        }
      },
      "15": {
        "start": {
          "line": 37,
          "column": 30
        },
        "end": {
          "line": 39,
          "column": 8
        }
      },
      "16": {
        "start": {
          "line": 40,
          "column": 6
        },
        "end": {
          "line": 44,
          "column": 7
        }
      },
      "17": {
        "start": {
          "line": 41,
          "column": 8
        },
        "end": {
          "line": 41,
          "column": 27
        }
      },
      "18": {
        "start": {
          "line": 43,
          "column": 8
        },
        "end": {
          "line": 43,
          "column": 31
        }
      },
      "19": {
        "start": {
          "line": 48,
          "column": 23
        },
        "end": {
          "line": 53,
          "column": 3
        }
      },
      "20": {
        "start": {
          "line": 49,
          "column": 4
        },
        "end": {
          "line": 52,
          "column": 7
        }
      },
      "21": {
        "start": {
          "line": 49,
          "column": 34
        },
        "end": {
          "line": 52,
          "column": 5
        }
      },
      "22": {
        "start": {
          "line": 55,
          "column": 2
        },
        "end": {
          "line": 59,
          "column": 12
        }
      },
      "23": {
        "start": {
          "line": 56,
          "column": 4
        },
        "end": {
          "line": 58,
          "column": 5
        }
      },
      "24": {
        "start": {
          "line": 57,
          "column": 6
        },
        "end": {
          "line": 57,
          "column": 29
        }
      },
      "25": {
        "start": {
          "line": 61,
          "column": 23
        },
        "end": {
          "line": 81,
          "column": 3
        }
      },
      "26": {
        "start": {
          "line": 62,
          "column": 4
        },
        "end": {
          "line": 62,
          "column": 26
        }
      },
      "27": {
        "start": {
          "line": 63,
          "column": 22
        },
        "end": {
          "line": 63,
          "column": 82
        }
      },
      "28": {
        "start": {
          "line": 63,
          "column": 44
        },
        "end": {
          "line": 63,
          "column": 81
        }
      },
      "29": {
        "start": {
          "line": 65,
          "column": 4
        },
        "end": {
          "line": 80,
          "column": 5
        }
      },
      "30": {
        "start": {
          "line": 66,
          "column": 6
        },
        "end": {
          "line": 71,
          "column": 9
        }
      },
      "31": {
        "start": {
          "line": 66,
          "column": 36
        },
        "end": {
          "line": 71,
          "column": 7
        }
      },
      "32": {
        "start": {
          "line": 74,
          "column": 6
        },
        "end": {
          "line": 78,
          "column": 9
        }
      },
      "33": {
        "start": {
          "line": 74,
          "column": 36
        },
        "end": {
          "line": 78,
          "column": 7
        }
      },
      "34": {
        "start": {
          "line": 79,
          "column": 6
        },
        "end": {
          "line": 79,
          "column": 18
        }
      },
      "35": {
        "start": {
          "line": 83,
          "column": 21
        },
        "end": {
          "line": 90,
          "column": 3
        }
      },
      "36": {
        "start": {
          "line": 84,
          "column": 4
        },
        "end": {
          "line": 89,
          "column": 6
        }
      },
      "37": {
        "start": {
          "line": 92,
          "column": 2
        },
        "end": {
          "line": 92,
          "column": 50
        }
      },
      "38": {
        "start": {
          "line": 92,
          "column": 13
        },
        "end": {
          "line": 92,
          "column": 50
        }
      },
      "39": {
        "start": {
          "line": 94,
          "column": 2
        },
        "end": {
          "line": 127,
          "column": 3
        }
      },
      "40": {
        "start": {
          "line": 119,
          "column": 34
        },
        "end": {
          "line": 119,
          "column": 53
        }
      }
    },
    "fnMap": {
      "0": {
        "name": "(anonymous_0)",
        "decl": {
          "start": {
            "line": 13,
            "column": 18
          },
          "end": {
            "line": 13,
            "column": 19
          }
        },
        "loc": {
          "start": {
            "line": 13,
            "column": 24
          },
          "end": {
            "line": 128,
            "column": 1
          }
        },
        "line": 13
      },
      "1": {
        "name": "(anonymous_1)",
        "decl": {
          "start": {
            "line": 28,
            "column": 12
          },
          "end": {
            "line": 28,
            "column": 13
          }
        },
        "loc": {
          "start": {
            "line": 28,
            "column": 18
          },
          "end": {
            "line": 30,
            "column": 3
          }
        },
        "line": 28
      },
      "2": {
        "name": "(anonymous_2)",
        "decl": {
          "start": {
            "line": 32,
            "column": 12
          },
          "end": {
            "line": 32,
            "column": 13
          }
        },
        "loc": {
          "start": {
            "line": 32,
            "column": 18
          },
          "end": {
            "line": 34,
            "column": 3
          }
        },
        "line": 32
      },
      "3": {
        "name": "(anonymous_3)",
        "decl": {
          "start": {
            "line": 36,
            "column": 20
          },
          "end": {
            "line": 36,
            "column": 21
          }
        },
        "loc": {
          "start": {
            "line": 36,
            "column": 32
          },
          "end": {
            "line": 46,
            "column": 3
          }
        },
        "line": 36
      },
      "4": {
        "name": "(anonymous_4)",
        "decl": {
          "start": {
            "line": 48,
            "column": 23
          },
          "end": {
            "line": 48,
            "column": 24
          }
        },
        "loc": {
          "start": {
            "line": 48,
            "column": 34
          },
          "end": {
            "line": 53,
            "column": 3
          }
        },
        "line": 48
      },
      "5": {
        "name": "(anonymous_5)",
        "decl": {
          "start": {
            "line": 49,
            "column": 18
          },
          "end": {
            "line": 49,
            "column": 19
          }
        },
        "loc": {
          "start": {
            "line": 49,
            "column": 34
          },
          "end": {
            "line": 52,
            "column": 5
          }
        },
        "line": 49
      },
      "6": {
        "name": "(anonymous_6)",
        "decl": {
          "start": {
            "line": 55,
            "column": 12
          },
          "end": {
            "line": 55,
            "column": 13
          }
        },
        "loc": {
          "start": {
            "line": 55,
            "column": 18
          },
          "end": {
            "line": 59,
            "column": 3
          }
        },
        "line": 55
      },
      "7": {
        "name": "(anonymous_7)",
        "decl": {
          "start": {
            "line": 61,
            "column": 23
          },
          "end": {
            "line": 61,
            "column": 24
          }
        },
        "loc": {
          "start": {
            "line": 61,
            "column": 34
          },
          "end": {
            "line": 81,
            "column": 3
          }
        },
        "line": 61
      },
      "8": {
        "name": "(anonymous_8)",
        "decl": {
          "start": {
            "line": 63,
            "column": 36
          },
          "end": {
            "line": 63,
            "column": 37
          }
        },
        "loc": {
          "start": {
            "line": 63,
            "column": 44
          },
          "end": {
            "line": 63,
            "column": 81
          }
        },
        "line": 63
      },
      "9": {
        "name": "(anonymous_9)",
        "decl": {
          "start": {
            "line": 66,
            "column": 20
          },
          "end": {
            "line": 66,
            "column": 21
          }
        },
        "loc": {
          "start": {
            "line": 66,
            "column": 36
          },
          "end": {
            "line": 71,
            "column": 7
          }
        },
        "line": 66
      },
      "10": {
        "name": "(anonymous_10)",
        "decl": {
          "start": {
            "line": 74,
            "column": 20
          },
          "end": {
            "line": 74,
            "column": 21
          }
        },
        "loc": {
          "start": {
            "line": 74,
            "column": 36
          },
          "end": {
            "line": 78,
            "column": 7
          }
        },
        "line": 74
      },
      "11": {
        "name": "(anonymous_11)",
        "decl": {
          "start": {
            "line": 83,
            "column": 21
          },
          "end": {
            "line": 83,
            "column": 22
          }
        },
        "loc": {
          "start": {
            "line": 83,
            "column": 27
          },
          "end": {
            "line": 90,
            "column": 3
          }
        },
        "line": 83
      },
      "12": {
        "name": "(anonymous_12)",
        "decl": {
          "start": {
            "line": 119,
            "column": 25
          },
          "end": {
            "line": 119,
            "column": 26
          }
        },
        "loc": {
          "start": {
            "line": 119,
            "column": 34
          },
          "end": {
            "line": 119,
            "column": 53
          }
        },
        "line": 119
      }
    },
    "branchMap": {
      "0": {
        "loc": {
          "start": {
            "line": 29,
            "column": 4
          },
          "end": {
            "line": 29,
            "column": 45
          }
        },
        "type": "if",
        "locations": [
          {
            "start": {
              "line": 29,
              "column": 4
            },
            "end": {
              "line": 29,
              "column": 45
            }
          },
          {
            "start": {
              "line": 29,
              "column": 4
            },
            "end": {
              "line": 29,
              "column": 45
            }
          }
        ],
        "line": 29
      },
      "1": {
        "loc": {
          "start": {
            "line": 33,
            "column": 4
          },
          "end": {
            "line": 33,
            "column": 34
          }
        },
        "type": "if",
        "locations": [
          {
            "start": {
              "line": 33,
              "column": 4
            },
            "end": {
              "line": 33,
              "column": 34
            }
          },
          {
            "start": {
              "line": 33,
              "column": 4
            },
            "end": {
              "line": 33,
              "column": 34
            }
          }
        ],
        "line": 33
      },
      "2": {
        "loc": {
          "start": {
            "line": 40,
            "column": 6
          },
          "end": {
            "line": 44,
            "column": 7
          }
        },
        "type": "if",
        "locations": [
          {
            "start": {
              "line": 40,
              "column": 6
            },
            "end": {
              "line": 44,
              "column": 7
            }
          },
          {
            "start": {
              "line": 40,
              "column": 6
            },
            "end": {
              "line": 44,
              "column": 7
            }
          }
        ],
        "line": 40
      },
      "3": {
        "loc": {
          "start": {
            "line": 56,
            "column": 4
          },
          "end": {
            "line": 58,
            "column": 5
          }
        },
        "type": "if",
        "locations": [
          {
            "start": {
              "line": 56,
              "column": 4
            },
            "end": {
              "line": 58,
              "column": 5
            }
          },
          {
            "start": {
              "line": 56,
              "column": 4
            },
            "end": {
              "line": 58,
              "column": 5
            }
          }
        ],
        "line": 56
      },
      "4": {
        "loc": {
          "start": {
            "line": 65,
            "column": 4
          },
          "end": {
            "line": 80,
            "column": 5
          }
        },
        "type": "if",
        "locations": [
          {
            "start": {
              "line": 65,
              "column": 4
            },
            "end": {
              "line": 80,
              "column": 5
            }
          },
          {
            "start": {
              "line": 65,
              "column": 4
            },
            "end": {
              "line": 80,
              "column": 5
            }
          }
        ],
        "line": 65
      },
      "5": {
        "loc": {
          "start": {
            "line": 65,
            "column": 7
          },
          "end": {
            "line": 65,
            "column": 53
          }
        },
        "type": "binary-expr",
        "locations": [
          {
            "start": {
              "line": 65,
              "column": 7
            },
            "end": {
              "line": 65,
              "column": 16
            }
          },
          {
            "start": {
              "line": 65,
              "column": 20
            },
            "end": {
              "line": 65,
              "column": 53
            }
          }
        ],
        "line": 65
      },
      "6": {
        "loc": {
          "start": {
            "line": 92,
            "column": 2
          },
          "end": {
            "line": 92,
            "column": 50
          }
        },
        "type": "if",
        "locations": [
          {
            "start": {
              "line": 92,
              "column": 2
            },
            "end": {
              "line": 92,
              "column": 50
            }
          },
          {
            "start": {
              "line": 92,
              "column": 2
            },
            "end": {
              "line": 92,
              "column": 50
            }
          }
        ],
        "line": 92
      },
      "7": {
        "loc": {
          "start": {
            "line": 96,
            "column": 7
          },
          "end": {
            "line": 125,
            "column": 17
          }
        },
        "type": "cond-expr",
        "locations": [
          {
            "start": {
              "line": 97,
              "column": 7
            },
            "end": {
              "line": 124,
              "column": 12
            }
          },
          {
            "start": {
              "line": 125,
              "column": 8
            },
            "end": {
              "line": 125,
              "column": 17
            }
          }
        ],
        "line": 96
      },
      "8": {
        "loc": {
          "start": {
            "line": 121,
            "column": 9
          },
          "end": {
            "line": 122,
            "column": 75
          }
        },
        "type": "binary-expr",
        "locations": [
          {
            "start": {
              "line": 121,
              "column": 9
            },
            "end": {
              "line": 121,
              "column": 32
            }
          },
          {
            "start": {
              "line": 122,
              "column": 8
            },
            "end": {
              "line": 122,
              "column": 75
            }
          }
        ],
        "line": 121
      }
    },
    "s": {
      "0": 16,
      "1": 112,
      "2": 112,
      "3": 112,
      "4": 112,
      "5": 112,
      "6": 112,
      "7": 112,
      "8": 112,
      "9": 32,
      "10": 16,
      "11": 112,
      "12": 32,
      "13": 16,
      "14": 112,
      "15": 16,
      "16": 16,
      "17": 0,
      "18": 16,
      "19": 112,
      "20": 0,
      "21": 0,
      "22": 112,
      "23": 32,
      "24": 16,
      "25": 112,
      "26": 16,
      "27": 16,
      "28": 16,
      "29": 16,
      "30": 16,
      "31": 16,
      "32": 0,
      "33": 0,
      "34": 0,
      "35": 112,
      "36": 0,
      "37": 112,
      "38": 0,
      "39": 112,
      "40": 16
    },
    "f": {
      "0": 112,
      "1": 32,
      "2": 32,
      "3": 16,
      "4": 0,
      "5": 0,
      "6": 32,
      "7": 16,
      "8": 16,
      "9": 16,
      "10": 0,
      "11": 0,
      "12": 16
    },
    "b": {
      "0": [
        16,
        16
      ],
      "1": [
        16,
        16
      ],
      "2": [
        0,
        16
      ],
      "3": [
        16,
        16
      ],
      "4": [
        16,
        0
      ],
      "5": [
        16,
        16
      ],
      "6": [
        0,
        112
      ],
      "7": [
        112,
        0
      ],
      "8": [
        112,
        0
      ]
    },
    "_coverageSchema": "1a1c01bbd47fc00a2c39e90264f33305004495a9",
    "hash": "9348ca65e0abdfa045d88268e5da2db179b4c8e9"
  },
  "/Users/samrice/Turing/4mod/streamr-fe/src/Providers/RecModalTypes.js": {
    "path": "/Users/samrice/Turing/4mod/streamr-fe/src/Providers/RecModalTypes.js",
    "statementMap": {},
    "fnMap": {},
    "branchMap": {},
    "s": {},
    "f": {},
    "b": {},
    "_coverageSchema": "1a1c01bbd47fc00a2c39e90264f33305004495a9",
    "hash": "13ef455a980c14a32b54c955618d800a7b475439"
  },
  "/Users/samrice/Turing/4mod/streamr-fe/src/Providers/RecModalReducer.js": {
    "path": "/Users/samrice/Turing/4mod/streamr-fe/src/Providers/RecModalReducer.js",
    "statementMap": {
      "0": {
        "start": {
          "line": 3,
          "column": 37
        },
        "end": {
          "line": 7,
          "column": 2
        }
      },
      "1": {
        "start": {
          "line": 9,
          "column": 24
        },
        "end": {
          "line": 28,
          "column": 1
        }
      },
      "2": {
        "start": {
          "line": 10,
          "column": 4
        },
        "end": {
          "line": 27,
          "column": 5
        }
      },
      "3": {
        "start": {
          "line": 12,
          "column": 12
        },
        "end": {
          "line": 17,
          "column": 13
        }
      },
      "4": {
        "start": {
          "line": 19,
          "column": 12
        },
        "end": {
          "line": 24,
          "column": 13
        }
      },
      "5": {
        "start": {
          "line": 26,
          "column": 12
        },
        "end": {
          "line": 26,
          "column": 24
        }
      }
    },
    "fnMap": {
      "0": {
        "name": "(anonymous_0)",
        "decl": {
          "start": {
            "line": 9,
            "column": 24
          },
          "end": {
            "line": 9,
            "column": 25
          }
        },
        "loc": {
          "start": {
            "line": 9,
            "column": 43
          },
          "end": {
            "line": 28,
            "column": 1
          }
        },
        "line": 9
      }
    },
    "branchMap": {
      "0": {
        "loc": {
          "start": {
            "line": 10,
            "column": 4
          },
          "end": {
            "line": 27,
            "column": 5
          }
        },
        "type": "switch",
        "locations": [
          {
            "start": {
              "line": 11,
              "column": 8
            },
            "end": {
              "line": 17,
              "column": 13
            }
          },
          {
            "start": {
              "line": 18,
              "column": 8
            },
            "end": {
              "line": 24,
              "column": 13
            }
          },
          {
            "start": {
              "line": 25,
              "column": 8
            },
            "end": {
              "line": 26,
              "column": 24
            }
          }
        ],
        "line": 10
      }
    },
    "s": {
      "0": 16,
      "1": 16,
      "2": 0,
      "3": 0,
      "4": 0,
      "5": 0
    },
    "f": {
      "0": 0
    },
    "b": {
      "0": [
        0,
        0,
        0
      ]
    },
    "_coverageSchema": "1a1c01bbd47fc00a2c39e90264f33305004495a9",
    "hash": "8b7f638c8388d88d48cc3cab2e23a9d5a8006591"
  },
  "/Users/samrice/Turing/4mod/streamr-fe/src/Providers/RecModalContext.js": {
    "path": "/Users/samrice/Turing/4mod/streamr-fe/src/Providers/RecModalContext.js",
    "statementMap": {
      "0": {
        "start": {
          "line": 5,
          "column": 31
        },
        "end": {
          "line": 5,
          "column": 72
        }
      },
      "1": {
        "start": {
          "line": 7,
          "column": 25
        },
        "end": {
          "line": 34,
          "column": 1
        }
      },
      "2": {
        "start": {
          "line": 8,
          "column": 28
        },
        "end": {
          "line": 8,
          "column": 74
        }
      },
      "3": {
        "start": {
          "line": 9,
          "column": 27
        },
        "end": {
          "line": 9,
          "column": 32
        }
      },
      "4": {
        "start": {
          "line": 11,
          "column": 25
        },
        "end": {
          "line": 16,
          "column": 1
        }
      },
      "5": {
        "start": {
          "line": 12,
          "column": 4
        },
        "end": {
          "line": 15,
          "column": 6
        }
      },
      "6": {
        "start": {
          "line": 18,
          "column": 24
        },
        "end": {
          "line": 23,
          "column": 1
        }
      },
      "7": {
        "start": {
          "line": 19,
          "column": 2
        },
        "end": {
          "line": 22,
          "column": 4
        }
      },
      "8": {
        "start": {
          "line": 25,
          "column": 2
        },
        "end": {
          "line": 33,
          "column": 3
        }
      }
    },
    "fnMap": {
      "0": {
        "name": "(anonymous_0)",
        "decl": {
          "start": {
            "line": 7,
            "column": 25
          },
          "end": {
            "line": 7,
            "column": 26
          }
        },
        "loc": {
          "start": {
            "line": 7,
            "column": 43
          },
          "end": {
            "line": 34,
            "column": 1
          }
        },
        "line": 7
      },
      "1": {
        "name": "(anonymous_1)",
        "decl": {
          "start": {
            "line": 11,
            "column": 25
          },
          "end": {
            "line": 11,
            "column": 26
          }
        },
        "loc": {
          "start": {
            "line": 11,
            "column": 41
          },
          "end": {
            "line": 16,
            "column": 1
          }
        },
        "line": 11
      },
      "2": {
        "name": "(anonymous_2)",
        "decl": {
          "start": {
            "line": 18,
            "column": 24
          },
          "end": {
            "line": 18,
            "column": 25
          }
        },
        "loc": {
          "start": {
            "line": 18,
            "column": 36
          },
          "end": {
            "line": 23,
            "column": 1
          }
        },
        "line": 18
      }
    },
    "branchMap": {},
    "s": {
      "0": 16,
      "1": 16,
      "2": 16,
      "3": 16,
      "4": 16,
      "5": 0,
      "6": 16,
      "7": 0,
      "8": 16
    },
    "f": {
      "0": 16,
      "1": 0,
      "2": 0
    },
    "b": {},
    "_coverageSchema": "1a1c01bbd47fc00a2c39e90264f33305004495a9",
    "hash": "d763aac97022bcef4a9f33b4f28353543b2b7d51"
  },
  "/Users/samrice/Turing/4mod/streamr-fe/src/Components/NavBar/helper-functions.js": {
    "path": "/Users/samrice/Turing/4mod/streamr-fe/src/Components/NavBar/helper-functions.js",
    "statementMap": {
      "0": {
        "start": {
          "line": 1,
          "column": 32
        },
        "end": {
          "line": 19,
          "column": 1
        }
      },
      "1": {
        "start": {
          "line": 2,
          "column": 4
        },
        "end": {
          "line": 18,
          "column": 5
        }
      },
      "2": {
        "start": {
          "line": 4,
          "column": 12
        },
        "end": {
          "line": 7,
          "column": 13
        }
      },
      "3": {
        "start": {
          "line": 9,
          "column": 12
        },
        "end": {
          "line": 12,
          "column": 13
        }
      },
      "4": {
        "start": {
          "line": 14,
          "column": 12
        },
        "end": {
          "line": 17,
          "column": 13
        }
      }
    },
    "fnMap": {
      "0": {
        "name": "(anonymous_0)",
        "decl": {
          "start": {
            "line": 1,
            "column": 32
          },
          "end": {
            "line": 1,
            "column": 33
          }
        },
        "loc": {
          "start": {
            "line": 1,
            "column": 46
          },
          "end": {
            "line": 19,
            "column": 1
          }
        },
        "line": 1
      }
    },
    "branchMap": {
      "0": {
        "loc": {
          "start": {
            "line": 2,
            "column": 4
          },
          "end": {
            "line": 18,
            "column": 5
          }
        },
        "type": "switch",
        "locations": [
          {
            "start": {
              "line": 3,
              "column": 8
            },
            "end": {
              "line": 7,
              "column": 13
            }
          },
          {
            "start": {
              "line": 8,
              "column": 8
            },
            "end": {
              "line": 12,
              "column": 13
            }
          },
          {
            "start": {
              "line": 13,
              "column": 8
            },
            "end": {
              "line": 17,
              "column": 13
            }
          }
        ],
        "line": 2
      }
    },
    "s": {
      "0": 16,
      "1": 49,
      "2": 44,
      "3": 1,
      "4": 4
    },
    "f": {
      "0": 49
    },
    "b": {
      "0": [
        44,
        1,
        4
      ]
    },
    "_coverageSchema": "1a1c01bbd47fc00a2c39e90264f33305004495a9",
    "hash": "31863567ad84f37299883bf0f8a3a20fca5bcf7c"
  },
  "/Users/samrice/Turing/4mod/streamr-fe/src/Components/NavBar/NavBar.js": {
    "path": "/Users/samrice/Turing/4mod/streamr-fe/src/Components/NavBar/NavBar.js",
    "statementMap": {
      "0": {
        "start": {
          "line": 8,
          "column": 15
        },
        "end": {
          "line": 79,
          "column": 1
        }
      },
      "1": {
        "start": {
          "line": 9,
          "column": 26
        },
        "end": {
          "line": 9,
          "column": 49
        }
      },
      "2": {
        "start": {
          "line": 10,
          "column": 42
        },
        "end": {
          "line": 10,
          "column": 54
        }
      },
      "3": {
        "start": {
          "line": 11,
          "column": 17
        },
        "end": {
          "line": 11,
          "column": 30
        }
      },
      "4": {
        "start": {
          "line": 12,
          "column": 21
        },
        "end": {
          "line": 12,
          "column": 47
        }
      },
      "5": {
        "start": {
          "line": 13,
          "column": 19
        },
        "end": {
          "line": 13,
          "column": 32
        }
      },
      "6": {
        "start": {
          "line": 15,
          "column": 23
        },
        "end": {
          "line": 17,
          "column": 3
        }
      },
      "7": {
        "start": {
          "line": 16,
          "column": 4
        },
        "end": {
          "line": 16,
          "column": 36
        }
      },
      "8": {
        "start": {
          "line": 19,
          "column": 24
        },
        "end": {
          "line": 25,
          "column": 3
        }
      },
      "9": {
        "start": {
          "line": 20,
          "column": 4
        },
        "end": {
          "line": 24,
          "column": 5
        }
      },
      "10": {
        "start": {
          "line": 21,
          "column": 6
        },
        "end": {
          "line": 21,
          "column": 38
        }
      },
      "11": {
        "start": {
          "line": 22,
          "column": 6
        },
        "end": {
          "line": 22,
          "column": 44
        }
      },
      "12": {
        "start": {
          "line": 23,
          "column": 6
        },
        "end": {
          "line": 23,
          "column": 18
        }
      },
      "13": {
        "start": {
          "line": 27,
          "column": 23
        },
        "end": {
          "line": 29,
          "column": 3
        }
      },
      "14": {
        "start": {
          "line": 28,
          "column": 4
        },
        "end": {
          "line": 28,
          "column": 16
        }
      },
      "15": {
        "start": {
          "line": 31,
          "column": 21
        },
        "end": {
          "line": 33,
          "column": 3
        }
      },
      "16": {
        "start": {
          "line": 32,
          "column": 4
        },
        "end": {
          "line": 32,
          "column": 20
        }
      },
      "17": {
        "start": {
          "line": 35,
          "column": 2
        },
        "end": {
          "line": 78,
          "column": 3
        }
      },
      "18": {
        "start": {
          "line": 51,
          "column": 36
        },
        "end": {
          "line": 51,
          "column": 56
        }
      }
    },
    "fnMap": {
      "0": {
        "name": "(anonymous_0)",
        "decl": {
          "start": {
            "line": 8,
            "column": 15
          },
          "end": {
            "line": 8,
            "column": 16
          }
        },
        "loc": {
          "start": {
            "line": 8,
            "column": 21
          },
          "end": {
            "line": 79,
            "column": 1
          }
        },
        "line": 8
      },
      "1": {
        "name": "(anonymous_1)",
        "decl": {
          "start": {
            "line": 15,
            "column": 23
          },
          "end": {
            "line": 15,
            "column": 24
          }
        },
        "loc": {
          "start": {
            "line": 15,
            "column": 34
          },
          "end": {
            "line": 17,
            "column": 3
          }
        },
        "line": 15
      },
      "2": {
        "name": "(anonymous_2)",
        "decl": {
          "start": {
            "line": 19,
            "column": 24
          },
          "end": {
            "line": 19,
            "column": 25
          }
        },
        "loc": {
          "start": {
            "line": 19,
            "column": 35
          },
          "end": {
            "line": 25,
            "column": 3
          }
        },
        "line": 19
      },
      "3": {
        "name": "(anonymous_3)",
        "decl": {
          "start": {
            "line": 27,
            "column": 23
          },
          "end": {
            "line": 27,
            "column": 24
          }
        },
        "loc": {
          "start": {
            "line": 27,
            "column": 29
          },
          "end": {
            "line": 29,
            "column": 3
          }
        },
        "line": 27
      },
      "4": {
        "name": "(anonymous_4)",
        "decl": {
          "start": {
            "line": 31,
            "column": 21
          },
          "end": {
            "line": 31,
            "column": 22
          }
        },
        "loc": {
          "start": {
            "line": 31,
            "column": 27
          },
          "end": {
            "line": 33,
            "column": 3
          }
        },
        "line": 31
      },
      "5": {
        "name": "(anonymous_5)",
        "decl": {
          "start": {
            "line": 51,
            "column": 27
          },
          "end": {
            "line": 51,
            "column": 28
          }
        },
        "loc": {
          "start": {
            "line": 51,
            "column": 36
          },
          "end": {
            "line": 51,
            "column": 56
          }
        },
        "line": 51
      }
    },
    "branchMap": {
      "0": {
        "loc": {
          "start": {
            "line": 20,
            "column": 4
          },
          "end": {
            "line": 24,
            "column": 5
          }
        },
        "type": "if",
        "locations": [
          {
            "start": {
              "line": 20,
              "column": 4
            },
            "end": {
              "line": 24,
              "column": 5
            }
          },
          {
            "start": {
              "line": 20,
              "column": 4
            },
            "end": {
              "line": 24,
              "column": 5
            }
          }
        ],
        "line": 20
      }
    },
    "s": {
      "0": 16,
      "1": 49,
      "2": 49,
      "3": 49,
      "4": 49,
      "5": 49,
      "6": 49,
      "7": 28,
      "8": 49,
      "9": 29,
      "10": 1,
      "11": 1,
      "12": 1,
      "13": 49,
      "14": 1,
      "15": 49,
      "16": 2,
      "17": 49,
      "18": 29
    },
    "f": {
      "0": 49,
      "1": 28,
      "2": 29,
      "3": 1,
      "4": 2,
      "5": 29
    },
    "b": {
      "0": [
        1,
        28
      ]
    },
    "_coverageSchema": "1a1c01bbd47fc00a2c39e90264f33305004495a9",
    "hash": "248f81ccbcb9ca87b4d1d5107db67188900d9511"
  },
  "/Users/samrice/Turing/4mod/streamr-fe/src/Components/Header/Header.js": {
    "path": "/Users/samrice/Turing/4mod/streamr-fe/src/Components/Header/Header.js",
    "statementMap": {
      "0": {
        "start": {
          "line": 4,
          "column": 15
        },
        "end": {
          "line": 14,
          "column": 1
        }
      },
      "1": {
        "start": {
          "line": 6,
          "column": 2
        },
        "end": {
          "line": 13,
          "column": 3
        }
      }
    },
    "fnMap": {
      "0": {
        "name": "(anonymous_0)",
        "decl": {
          "start": {
            "line": 4,
            "column": 15
          },
          "end": {
            "line": 4,
            "column": 16
          }
        },
        "loc": {
          "start": {
            "line": 4,
            "column": 21
          },
          "end": {
            "line": 14,
            "column": 1
          }
        },
        "line": 4
      }
    },
    "branchMap": {},
    "s": {
      "0": 16,
      "1": 16
    },
    "f": {
      "0": 16
    },
    "b": {},
    "_coverageSchema": "1a1c01bbd47fc00a2c39e90264f33305004495a9",
    "hash": "31412b57905cec96c36fc5f7f8227308f65bacd6"
  },
  "/Users/samrice/Turing/4mod/streamr-fe/src/Components/RecModal/Friend/Friend.js": {
    "path": "/Users/samrice/Turing/4mod/streamr-fe/src/Components/RecModal/Friend/Friend.js",
    "statementMap": {
      "0": {
        "start": {
          "line": 3,
          "column": 15
        },
        "end": {
          "line": 29,
          "column": 1
        }
      },
      "1": {
        "start": {
          "line": 5,
          "column": 33
        },
        "end": {
          "line": 13,
          "column": 5
        }
      },
      "2": {
        "start": {
          "line": 6,
          "column": 18
        },
        "end": {
          "line": 6,
          "column": 36
        }
      },
      "3": {
        "start": {
          "line": 7,
          "column": 4
        },
        "end": {
          "line": 11,
          "column": 5
        }
      },
      "4": {
        "start": {
          "line": 8,
          "column": 8
        },
        "end": {
          "line": 8,
          "column": 54
        }
      },
      "5": {
        "start": {
          "line": 8,
          "column": 41
        },
        "end": {
          "line": 8,
          "column": 52
        }
      },
      "6": {
        "start": {
          "line": 10,
          "column": 8
        },
        "end": {
          "line": 10,
          "column": 41
        }
      },
      "7": {
        "start": {
          "line": 14,
          "column": 4
        },
        "end": {
          "line": 28,
          "column": 5
        }
      }
    },
    "fnMap": {
      "0": {
        "name": "(anonymous_0)",
        "decl": {
          "start": {
            "line": 3,
            "column": 15
          },
          "end": {
            "line": 3,
            "column": 16
          }
        },
        "loc": {
          "start": {
            "line": 3,
            "column": 62
          },
          "end": {
            "line": 29,
            "column": 1
          }
        },
        "line": 3
      },
      "1": {
        "name": "(anonymous_1)",
        "decl": {
          "start": {
            "line": 5,
            "column": 33
          },
          "end": {
            "line": 5,
            "column": 34
          }
        },
        "loc": {
          "start": {
            "line": 5,
            "column": 44
          },
          "end": {
            "line": 13,
            "column": 5
          }
        },
        "line": 5
      },
      "2": {
        "name": "(anonymous_2)",
        "decl": {
          "start": {
            "line": 8,
            "column": 36
          },
          "end": {
            "line": 8,
            "column": 37
          }
        },
        "loc": {
          "start": {
            "line": 8,
            "column": 41
          },
          "end": {
            "line": 8,
            "column": 52
          }
        },
        "line": 8
      }
    },
    "branchMap": {
      "0": {
        "loc": {
          "start": {
            "line": 7,
            "column": 4
          },
          "end": {
            "line": 11,
            "column": 5
          }
        },
        "type": "if",
        "locations": [
          {
            "start": {
              "line": 7,
              "column": 4
            },
            "end": {
              "line": 11,
              "column": 5
            }
          },
          {
            "start": {
              "line": 7,
              "column": 4
            },
            "end": {
              "line": 11,
              "column": 5
            }
          }
        ],
        "line": 7
      }
    },
    "s": {
      "0": 16,
      "1": 0,
      "2": 0,
      "3": 0,
      "4": 0,
      "5": 0,
      "6": 0,
      "7": 0
    },
    "f": {
      "0": 0,
      "1": 0,
      "2": 0
    },
    "b": {
      "0": [
        0,
        0
      ]
    },
    "_coverageSchema": "1a1c01bbd47fc00a2c39e90264f33305004495a9",
    "hash": "6c67860b50ae2c1e7cfe27638e22e5439de037c1"
  },
  "/Users/samrice/Turing/4mod/streamr-fe/src/GraphQL/Mutations.js": {
    "path": "/Users/samrice/Turing/4mod/streamr-fe/src/GraphQL/Mutations.js",
    "statementMap": {
      "0": {
        "start": {
          "line": 3,
          "column": 32
        },
        "end": {
          "line": 19,
          "column": 1
        }
      },
      "1": {
        "start": {
          "line": 21,
          "column": 37
        },
        "end": {
          "line": 27,
          "column": 1
        }
      },
      "2": {
        "start": {
          "line": 29,
          "column": 35
        },
        "end": {
          "line": 48,
          "column": 1
        }
      }
    },
    "fnMap": {},
    "branchMap": {},
    "s": {
      "0": 16,
      "1": 16,
      "2": 16
    },
    "f": {},
    "b": {},
    "_coverageSchema": "1a1c01bbd47fc00a2c39e90264f33305004495a9",
    "hash": "45d99afd16a0bb4e584c02a7c179eeea227180be"
  },
  "/Users/samrice/Turing/4mod/streamr-fe/src/Components/Loading/Loading.js": {
    "path": "/Users/samrice/Turing/4mod/streamr-fe/src/Components/Loading/Loading.js",
    "statementMap": {
      "0": {
        "start": {
          "line": 3,
          "column": 16
        },
        "end": {
          "line": 9,
          "column": 1
        }
      },
      "1": {
        "start": {
          "line": 4,
          "column": 4
        },
        "end": {
          "line": 8,
          "column": 5
        }
      }
    },
    "fnMap": {
      "0": {
        "name": "(anonymous_0)",
        "decl": {
          "start": {
            "line": 3,
            "column": 16
          },
          "end": {
            "line": 3,
            "column": 17
          }
        },
        "loc": {
          "start": {
            "line": 3,
            "column": 22
          },
          "end": {
            "line": 9,
            "column": 1
          }
        },
        "line": 3
      }
    },
    "branchMap": {},
    "s": {
      "0": 16,
      "1": 4
    },
    "f": {
      "0": 4
    },
    "b": {},
    "_coverageSchema": "1a1c01bbd47fc00a2c39e90264f33305004495a9",
    "hash": "b2e373b3e83f56be97068f50c3574fbcf3c0a34a"
  },
  "/Users/samrice/Turing/4mod/streamr-fe/src/Components/RecModal/RecModal.js": {
    "path": "/Users/samrice/Turing/4mod/streamr-fe/src/Components/RecModal/RecModal.js",
    "statementMap": {
      "0": {
        "start": {
          "line": 16,
          "column": 17
        },
        "end": {
          "line": 144,
          "column": 1
        }
      },
      "1": {
        "start": {
          "line": 17,
          "column": 65
        },
        "end": {
          "line": 17,
          "column": 92
        }
      },
      "2": {
        "start": {
          "line": 18,
          "column": 28
        },
        "end": {
          "line": 18,
          "column": 51
        }
      },
      "3": {
        "start": {
          "line": 19,
          "column": 36
        },
        "end": {
          "line": 19,
          "column": 48
        }
      },
      "4": {
        "start": {
          "line": 20,
          "column": 48
        },
        "end": {
          "line": 20,
          "column": 60
        }
      },
      "5": {
        "start": {
          "line": 21,
          "column": 40
        },
        "end": {
          "line": 21,
          "column": 59
        }
      },
      "6": {
        "start": {
          "line": 22,
          "column": 35
        },
        "end": {
          "line": 22,
          "column": 67
        }
      },
      "7": {
        "start": {
          "line": 23,
          "column": 37
        },
        "end": {
          "line": 23,
          "column": 99
        }
      },
      "8": {
        "start": {
          "line": 24,
          "column": 21
        },
        "end": {
          "line": 24,
          "column": 34
        }
      },
      "9": {
        "start": {
          "line": 26,
          "column": 4
        },
        "end": {
          "line": 36,
          "column": 14
        }
      },
      "10": {
        "start": {
          "line": 27,
          "column": 8
        },
        "end": {
          "line": 34,
          "column": 9
        }
      },
      "11": {
        "start": {
          "line": 28,
          "column": 35
        },
        "end": {
          "line": 30,
          "column": 13
        }
      },
      "12": {
        "start": {
          "line": 29,
          "column": 16
        },
        "end": {
          "line": 29,
          "column": 76
        }
      },
      "13": {
        "start": {
          "line": 29,
          "column": 49
        },
        "end": {
          "line": 29,
          "column": 75
        }
      },
      "14": {
        "start": {
          "line": 32,
          "column": 12
        },
        "end": {
          "line": 32,
          "column": 47
        }
      },
      "15": {
        "start": {
          "line": 39,
          "column": 23
        },
        "end": {
          "line": 49,
          "column": 6
        }
      },
      "16": {
        "start": {
          "line": 40,
          "column": 8
        },
        "end": {
          "line": 48,
          "column": 9
        }
      },
      "17": {
        "start": {
          "line": 51,
          "column": 23
        },
        "end": {
          "line": 55,
          "column": 7
        }
      },
      "18": {
        "start": {
          "line": 52,
          "column": 8
        },
        "end": {
          "line": 52,
          "column": 31
        }
      },
      "19": {
        "start": {
          "line": 53,
          "column": 8
        },
        "end": {
          "line": 53,
          "column": 26
        }
      },
      "20": {
        "start": {
          "line": 54,
          "column": 8
        },
        "end": {
          "line": 54,
          "column": 32
        }
      },
      "21": {
        "start": {
          "line": 57,
          "column": 23
        },
        "end": {
          "line": 70,
          "column": 5
        }
      },
      "22": {
        "start": {
          "line": 58,
          "column": 8
        },
        "end": {
          "line": 58,
          "column": 30
        }
      },
      "23": {
        "start": {
          "line": 59,
          "column": 36
        },
        "end": {
          "line": 66,
          "column": 9
        }
      },
      "24": {
        "start": {
          "line": 60,
          "column": 14
        },
        "end": {
          "line": 65,
          "column": 13
        }
      },
      "25": {
        "start": {
          "line": 67,
          "column": 8
        },
        "end": {
          "line": 69,
          "column": 10
        }
      },
      "26": {
        "start": {
          "line": 68,
          "column": 12
        },
        "end": {
          "line": 68,
          "column": 37
        }
      },
      "27": {
        "start": {
          "line": 72,
          "column": 22
        },
        "end": {
          "line": 84,
          "column": 5
        }
      },
      "28": {
        "start": {
          "line": 73,
          "column": 8
        },
        "end": {
          "line": 83,
          "column": 9
        }
      },
      "29": {
        "start": {
          "line": 74,
          "column": 31
        },
        "end": {
          "line": 74,
          "column": 88
        }
      },
      "30": {
        "start": {
          "line": 75,
          "column": 12
        },
        "end": {
          "line": 78,
          "column": 13
        }
      },
      "31": {
        "start": {
          "line": 76,
          "column": 16
        },
        "end": {
          "line": 76,
          "column": 37
        }
      },
      "32": {
        "start": {
          "line": 77,
          "column": 16
        },
        "end": {
          "line": 77,
          "column": 44
        }
      },
      "33": {
        "start": {
          "line": 80,
          "column": 12
        },
        "end": {
          "line": 80,
          "column": 30
        }
      },
      "34": {
        "start": {
          "line": 81,
          "column": 12
        },
        "end": {
          "line": 81,
          "column": 35
        }
      },
      "35": {
        "start": {
          "line": 82,
          "column": 12
        },
        "end": {
          "line": 82,
          "column": 40
        }
      },
      "36": {
        "start": {
          "line": 86,
          "column": 4
        },
        "end": {
          "line": 86,
          "column": 34
        }
      },
      "37": {
        "start": {
          "line": 86,
          "column": 17
        },
        "end": {
          "line": 86,
          "column": 34
        }
      },
      "38": {
        "start": {
          "line": 87,
          "column": 4
        },
        "end": {
          "line": 90,
          "column": 5
        }
      },
      "39": {
        "start": {
          "line": 88,
          "column": 6
        },
        "end": {
          "line": 88,
          "column": 24
        }
      },
      "40": {
        "start": {
          "line": 89,
          "column": 6
        },
        "end": {
          "line": 89,
          "column": 43
        }
      },
      "41": {
        "start": {
          "line": 91,
          "column": 4
        },
        "end": {
          "line": 124,
          "column": 5
        }
      },
      "42": {
        "start": {
          "line": 92,
          "column": 8
        },
        "end": {
          "line": 107,
          "column": 9
        }
      },
      "43": {
        "start": {
          "line": 108,
          "column": 11
        },
        "end": {
          "line": 124,
          "column": 5
        }
      },
      "44": {
        "start": {
          "line": 109,
          "column": 8
        },
        "end": {
          "line": 115,
          "column": 9
        }
      },
      "45": {
        "start": {
          "line": 116,
          "column": 11
        },
        "end": {
          "line": 124,
          "column": 5
        }
      },
      "46": {
        "start": {
          "line": 117,
          "column": 8
        },
        "end": {
          "line": 123,
          "column": 9
        }
      },
      "47": {
        "start": {
          "line": 126,
          "column": 4
        },
        "end": {
          "line": 143,
          "column": 5
        }
      },
      "48": {
        "start": {
          "line": 130,
          "column": 12
        },
        "end": {
          "line": 130,
          "column": 24
        }
      }
    },
    "fnMap": {
      "0": {
        "name": "(anonymous_0)",
        "decl": {
          "start": {
            "line": 16,
            "column": 17
          },
          "end": {
            "line": 16,
            "column": 18
          }
        },
        "loc": {
          "start": {
            "line": 16,
            "column": 23
          },
          "end": {
            "line": 144,
            "column": 1
          }
        },
        "line": 16
      },
      "1": {
        "name": "(anonymous_1)",
        "decl": {
          "start": {
            "line": 26,
            "column": 14
          },
          "end": {
            "line": 26,
            "column": 15
          }
        },
        "loc": {
          "start": {
            "line": 26,
            "column": 20
          },
          "end": {
            "line": 36,
            "column": 5
          }
        },
        "line": 26
      },
      "2": {
        "name": "(anonymous_2)",
        "decl": {
          "start": {
            "line": 28,
            "column": 35
          },
          "end": {
            "line": 28,
            "column": 36
          }
        },
        "loc": {
          "start": {
            "line": 28,
            "column": 41
          },
          "end": {
            "line": 30,
            "column": 13
          }
        },
        "line": 28
      },
      "3": {
        "name": "(anonymous_3)",
        "decl": {
          "start": {
            "line": 29,
            "column": 41
          },
          "end": {
            "line": 29,
            "column": 42
          }
        },
        "loc": {
          "start": {
            "line": 29,
            "column": 49
          },
          "end": {
            "line": 29,
            "column": 75
          }
        },
        "line": 29
      },
      "4": {
        "name": "(anonymous_4)",
        "decl": {
          "start": {
            "line": 39,
            "column": 42
          },
          "end": {
            "line": 39,
            "column": 43
          }
        },
        "loc": {
          "start": {
            "line": 39,
            "column": 52
          },
          "end": {
            "line": 49,
            "column": 5
          }
        },
        "line": 39
      },
      "5": {
        "name": "(anonymous_5)",
        "decl": {
          "start": {
            "line": 51,
            "column": 23
          },
          "end": {
            "line": 51,
            "column": 24
          }
        },
        "loc": {
          "start": {
            "line": 51,
            "column": 29
          },
          "end": {
            "line": 55,
            "column": 7
          }
        },
        "line": 51
      },
      "6": {
        "name": "(anonymous_6)",
        "decl": {
          "start": {
            "line": 57,
            "column": 23
          },
          "end": {
            "line": 57,
            "column": 24
          }
        },
        "loc": {
          "start": {
            "line": 57,
            "column": 34
          },
          "end": {
            "line": 70,
            "column": 5
          }
        },
        "line": 57
      },
      "7": {
        "name": "(anonymous_7)",
        "decl": {
          "start": {
            "line": 59,
            "column": 49
          },
          "end": {
            "line": 59,
            "column": 50
          }
        },
        "loc": {
          "start": {
            "line": 60,
            "column": 14
          },
          "end": {
            "line": 65,
            "column": 13
          }
        },
        "line": 60
      },
      "8": {
        "name": "(anonymous_8)",
        "decl": {
          "start": {
            "line": 67,
            "column": 36
          },
          "end": {
            "line": 67,
            "column": 37
          }
        },
        "loc": {
          "start": {
            "line": 67,
            "column": 54
          },
          "end": {
            "line": 69,
            "column": 9
          }
        },
        "line": 67
      },
      "9": {
        "name": "(anonymous_9)",
        "decl": {
          "start": {
            "line": 72,
            "column": 22
          },
          "end": {
            "line": 72,
            "column": 23
          }
        },
        "loc": {
          "start": {
            "line": 72,
            "column": 48
          },
          "end": {
            "line": 84,
            "column": 5
          }
        },
        "line": 72
      },
      "10": {
        "name": "(anonymous_10)",
        "decl": {
          "start": {
            "line": 129,
            "column": 59
          },
          "end": {
            "line": 129,
            "column": 60
          }
        },
        "loc": {
          "start": {
            "line": 129,
            "column": 64
          },
          "end": {
            "line": 131,
            "column": 11
          }
        },
        "line": 129
      }
    },
    "branchMap": {
      "0": {
        "loc": {
          "start": {
            "line": 27,
            "column": 8
          },
          "end": {
            "line": 34,
            "column": 9
          }
        },
        "type": "if",
        "locations": [
          {
            "start": {
              "line": 27,
              "column": 8
            },
            "end": {
              "line": 34,
              "column": 9
            }
          },
          {
            "start": {
              "line": 27,
              "column": 8
            },
            "end": {
              "line": 34,
              "column": 9
            }
          }
        ],
        "line": 27
      },
      "1": {
        "loc": {
          "start": {
            "line": 75,
            "column": 12
          },
          "end": {
            "line": 78,
            "column": 13
          }
        },
        "type": "if",
        "locations": [
          {
            "start": {
              "line": 75,
              "column": 12
            },
            "end": {
              "line": 78,
              "column": 13
            }
          },
          {
            "start": {
              "line": 75,
              "column": 12
            },
            "end": {
              "line": 78,
              "column": 13
            }
          }
        ],
        "line": 75
      },
      "2": {
        "loc": {
          "start": {
            "line": 86,
            "column": 4
          },
          "end": {
            "line": 86,
            "column": 34
          }
        },
        "type": "if",
        "locations": [
          {
            "start": {
              "line": 86,
              "column": 4
            },
            "end": {
              "line": 86,
              "column": 34
            }
          },
          {
            "start": {
              "line": 86,
              "column": 4
            },
            "end": {
              "line": 86,
              "column": 34
            }
          }
        ],
        "line": 86
      },
      "3": {
        "loc": {
          "start": {
            "line": 87,
            "column": 4
          },
          "end": {
            "line": 90,
            "column": 5
          }
        },
        "type": "if",
        "locations": [
          {
            "start": {
              "line": 87,
              "column": 4
            },
            "end": {
              "line": 90,
              "column": 5
            }
          },
          {
            "start": {
              "line": 87,
              "column": 4
            },
            "end": {
              "line": 90,
              "column": 5
            }
          }
        ],
        "line": 87
      },
      "4": {
        "loc": {
          "start": {
            "line": 91,
            "column": 4
          },
          "end": {
            "line": 124,
            "column": 5
          }
        },
        "type": "if",
        "locations": [
          {
            "start": {
              "line": 91,
              "column": 4
            },
            "end": {
              "line": 124,
              "column": 5
            }
          },
          {
            "start": {
              "line": 91,
              "column": 4
            },
            "end": {
              "line": 124,
              "column": 5
            }
          }
        ],
        "line": 91
      },
      "5": {
        "loc": {
          "start": {
            "line": 96,
            "column": 18
          },
          "end": {
            "line": 103,
            "column": 31
          }
        },
        "type": "cond-expr",
        "locations": [
          {
            "start": {
              "line": 97,
              "column": 20
            },
            "end": {
              "line": 102,
              "column": 27
            }
          },
          {
            "start": {
              "line": 103,
              "column": 22
            },
            "end": {
              "line": 103,
              "column": 31
            }
          }
        ],
        "line": 96
      },
      "6": {
        "loc": {
          "start": {
            "line": 99,
            "column": 26
          },
          "end": {
            "line": 99,
            "column": 82
          }
        },
        "type": "cond-expr",
        "locations": [
          {
            "start": {
              "line": 99,
              "column": 46
            },
            "end": {
              "line": 99,
              "column": 56
            }
          },
          {
            "start": {
              "line": 99,
              "column": 58
            },
            "end": {
              "line": 99,
              "column": 82
            }
          }
        ],
        "line": 99
      },
      "7": {
        "loc": {
          "start": {
            "line": 108,
            "column": 11
          },
          "end": {
            "line": 124,
            "column": 5
          }
        },
        "type": "if",
        "locations": [
          {
            "start": {
              "line": 108,
              "column": 11
            },
            "end": {
              "line": 124,
              "column": 5
            }
          },
          {
            "start": {
              "line": 108,
              "column": 11
            },
            "end": {
              "line": 124,
              "column": 5
            }
          }
        ],
        "line": 108
      },
      "8": {
        "loc": {
          "start": {
            "line": 116,
            "column": 11
          },
          "end": {
            "line": 124,
            "column": 5
          }
        },
        "type": "if",
        "locations": [
          {
            "start": {
              "line": 116,
              "column": 11
            },
            "end": {
              "line": 124,
              "column": 5
            }
          },
          {
            "start": {
              "line": 116,
              "column": 11
            },
            "end": {
              "line": 124,
              "column": 5
            }
          }
        ],
        "line": 116
      },
      "9": {
        "loc": {
          "start": {
            "line": 132,
            "column": 18
          },
          "end": {
            "line": 139,
            "column": 31
          }
        },
        "type": "cond-expr",
        "locations": [
          {
            "start": {
              "line": 133,
              "column": 20
            },
            "end": {
              "line": 138,
              "column": 27
            }
          },
          {
            "start": {
              "line": 139,
              "column": 22
            },
            "end": {
              "line": 139,
              "column": 31
            }
          }
        ],
        "line": 132
      },
      "10": {
        "loc": {
          "start": {
            "line": 135,
            "column": 26
          },
          "end": {
            "line": 135,
            "column": 82
          }
        },
        "type": "cond-expr",
        "locations": [
          {
            "start": {
              "line": 135,
              "column": 46
            },
            "end": {
              "line": 135,
              "column": 56
            }
          },
          {
            "start": {
              "line": 135,
              "column": 58
            },
            "end": {
              "line": 135,
              "column": 82
            }
          }
        ],
        "line": 135
      },
      "11": {
        "loc": {
          "start": {
            "line": 137,
            "column": 25
          },
          "end": {
            "line": 137,
            "column": 89
          }
        },
        "type": "binary-expr",
        "locations": [
          {
            "start": {
              "line": 137,
              "column": 25
            },
            "end": {
              "line": 137,
              "column": 42
            }
          },
          {
            "start": {
              "line": 137,
              "column": 46
            },
            "end": {
              "line": 137,
              "column": 89
            }
          }
        ],
        "line": 137
      }
    },
    "s": {
      "0": 16,
      "1": 0,
      "2": 0,
      "3": 0,
      "4": 0,
      "5": 0,
      "6": 0,
      "7": 0,
      "8": 0,
      "9": 0,
      "10": 0,
      "11": 0,
      "12": 0,
      "13": 0,
      "14": 0,
      "15": 0,
      "16": 0,
      "17": 0,
      "18": 0,
      "19": 0,
      "20": 0,
      "21": 0,
      "22": 0,
      "23": 0,
      "24": 0,
      "25": 0,
      "26": 0,
      "27": 0,
      "28": 0,
      "29": 0,
      "30": 0,
      "31": 0,
      "32": 0,
      "33": 0,
      "34": 0,
      "35": 0,
      "36": 0,
      "37": 0,
      "38": 0,
      "39": 0,
      "40": 0,
      "41": 0,
      "42": 0,
      "43": 0,
      "44": 0,
      "45": 0,
      "46": 0,
      "47": 0,
      "48": 0
    },
    "f": {
      "0": 0,
      "1": 0,
      "2": 0,
      "3": 0,
      "4": 0,
      "5": 0,
      "6": 0,
      "7": 0,
      "8": 0,
      "9": 0,
      "10": 0
    },
    "b": {
      "0": [
        0,
        0
      ],
      "1": [
        0,
        0
      ],
      "2": [
        0,
        0
      ],
      "3": [
        0,
        0
      ],
      "4": [
        0,
        0
      ],
      "5": [
        0,
        0
      ],
      "6": [
        0,
        0
      ],
      "7": [
        0,
        0
      ],
      "8": [
        0,
        0
      ],
[...]
        "name": "(anonymous_6)",
        "decl": {
          "start": {
            "line": 58,
            "column": 22
          },
          "end": {
            "line": 58,
            "column": 23
          }
        },
        "loc": {
          "start": {
            "line": 58,
            "column": 28
          },
          "end": {
            "line": 58,
            "column": 43
          }
        },
        "line": 58
      },
      "7": {
        "name": "(anonymous_7)",
        "decl": {
          "start": {
            "line": 64,
            "column": 24
          },
          "end": {
            "line": 64,
            "column": 25
          }
        },
        "loc": {
          "start": {
            "line": 64,
            "column": 30
          },
          "end": {
            "line": 64,
            "column": 44
          }
        },
        "line": 64
      },
      "8": {
        "name": "(anonymous_8)",
        "decl": {
          "start": {
            "line": 65,
            "column": 24
          },
          "end": {
            "line": 65,
            "column": 25
          }
        },
        "loc": {
          "start": {
            "line": 65,
            "column": 30
          },
          "end": {
            "line": 65,
            "column": 45
          }
        },
        "line": 65
      }
    },
    "branchMap": {
      "0": {
        "loc": {
          "start": {
            "line": 31,
            "column": 4
          },
          "end": {
            "line": 32,
            "column": 38
          }
        },
        "type": "if",
        "locations": [
          {
            "start": {
              "line": 31,
              "column": 4
            },
            "end": {
              "line": 32,
              "column": 38
            }
          },
          {
            "start": {
              "line": 31,
              "column": 4
            },
            "end": {
              "line": 32,
              "column": 38
            }
          }
        ],
        "line": 31
      },
      "1": {
        "loc": {
          "start": {
            "line": 45,
            "column": 25
          },
          "end": {
            "line": 47,
            "column": 14
          }
        },
        "type": "cond-expr",
        "locations": [
          {
            "start": {
              "line": 46,
              "column": 4
            },
            "end": {
              "line": 46,
              "column": 30
            }
          },
          {
            "start": {
              "line": 47,
              "column": 4
            },
            "end": {
              "line": 47,
              "column": 14
            }
          }
        ],
        "line": 45
      },
      "2": {
        "loc": {
          "start": {
            "line": 54,
            "column": 13
          },
          "end": {
            "line": 54,
            "column": 49
          }
        },
        "type": "cond-expr",
        "locations": [
          {
            "start": {
              "line": 54,
              "column": 27
            },
            "end": {
              "line": 54,
              "column": 36
            }
          },
          {
            "start": {
              "line": 54,
              "column": 39
            },
            "end": {
              "line": 54,
              "column": 49
            }
          }
        ],
        "line": 54
      },
      "3": {
        "loc": {
          "start": {
            "line": 63,
            "column": 15
          },
          "end": {
            "line": 63,
            "column": 41
          }
        },
        "type": "cond-expr",
        "locations": [
          {
            "start": {
              "line": 63,
              "column": 27
            },
            "end": {
              "line": 63,
              "column": 36
            }
          },
          {
            "start": {
              "line": 63,
              "column": 39
            },
            "end": {
              "line": 63,
              "column": 41
            }
          }
        ],
        "line": 63
      },
      "4": {
        "loc": {
          "start": {
            "line": 67,
            "column": 9
          },
          "end": {
            "line": 67,
            "column": 28
          }
        },
        "type": "binary-expr",
        "locations": [
          {
            "start": {
              "line": 67,
              "column": 9
            },
            "end": {
              "line": 67,
              "column": 17
            }
          },
          {
            "start": {
              "line": 67,
              "column": 21
            },
            "end": {
              "line": 67,
              "column": 28
            }
          }
        ],
        "line": 67
      }
    },
    "s": {
      "0": 16,
      "1": 8,
      "2": 8,
      "3": 8,
      "4": 8,
      "5": 8,
      "6": 0,
      "7": 0,
      "8": 0,
      "9": 0,
      "10": 8,
      "11": 0,
      "12": 0,
      "13": 8,
      "14": 8,
      "15": 0,
      "16": 0,
      "17": 0,
      "18": 0
    },
    "f": {
      "0": 8,
      "1": 8,
      "2": 0,
      "3": 0,
      "4": 0,
      "5": 0,
      "6": 0,
      "7": 0,
      "8": 0
    },
    "b": {
      "0": [
        0,
        0
      ],
      "1": [
        0,
        8
      ],
      "2": [
        0,
        8
      ],
      "3": [
        8,
        0
      ],
      "4": [
        8,
        0
      ]
    },
    "_coverageSchema": "1a1c01bbd47fc00a2c39e90264f33305004495a9",
    "hash": "a002f33a75d282d8afd470acc89b0dc0c3b624e1"
  },
  "/Users/samrice/Turing/4mod/streamr-fe/src/Components/NoSearchResults/NoSearchResults.js": {
    "path": "/Users/samrice/Turing/4mod/streamr-fe/src/Components/NoSearchResults/NoSearchResults.js",
    "statementMap": {
      "0": {
        "start": {
          "line": 4,
          "column": 24
        },
        "end": {
          "line": 11,
          "column": 1
        }
      },
      "1": {
        "start": {
          "line": 5,
          "column": 4
        },
        "end": {
          "line": 10,
          "column": 5
        }
      }
    },
    "fnMap": {
      "0": {
        "name": "(anonymous_0)",
        "decl": {
          "start": {
            "line": 4,
            "column": 24
          },
          "end": {
            "line": 4,
            "column": 25
          }
        },
        "loc": {
          "start": {
            "line": 4,
            "column": 30
          },
          "end": {
            "line": 11,
            "column": 1
          }
        },
        "line": 4
      }
    },
    "branchMap": {},
    "s": {
      "0": 16,
      "1": 0
    },
    "f": {
      "0": 0
    },
    "b": {},
    "_coverageSchema": "1a1c01bbd47fc00a2c39e90264f33305004495a9",
    "hash": "72f4aa4442e39655a9b2464b92bdd6d88f63e2ed"
  },
  "/Users/samrice/Turing/4mod/streamr-fe/src/Components/SearchPage/SearchPage.js": {
    "path": "/Users/samrice/Turing/4mod/streamr-fe/src/Components/SearchPage/SearchPage.js",
    "statementMap": {
      "0": {
        "start": {
          "line": 9,
          "column": 19
        },
        "end": {
          "line": 73,
          "column": 1
        }
      },
      "1": {
        "start": {
          "line": 10,
          "column": 19
        },
        "end": {
          "line": 10,
          "column": 32
        }
      },
      "2": {
        "start": {
          "line": 11,
          "column": 22
        },
        "end": {
          "line": 11,
          "column": 33
        }
      },
      "3": {
        "start": {
          "line": 12,
          "column": 2
        },
        "end": {
          "line": 12,
          "column": 46
        }
      },
      "4": {
        "start": {
          "line": 14,
          "column": 35
        },
        "end": {
          "line": 19,
          "column": 3
        }
      },
      "5": {
        "start": {
          "line": 21,
          "column": 23
        },
        "end": {
          "line": 46,
          "column": 3
        }
      },
      "6": {
        "start": {
          "line": 22,
          "column": 4
        },
        "end": {
          "line": 45,
          "column": 5
        }
      },
      "7": {
        "start": {
          "line": 23,
          "column": 6
        },
        "end": {
          "line": 41,
          "column": 7
        }
      },
      "8": {
        "start": {
          "line": 24,
          "column": 26
        },
        "end": {
          "line": 36,
          "column": 10
        }
      },
      "9": {
        "start": {
          "line": 25,
          "column": 10
        },
        "end": {
          "line": 35,
          "column": 11
        }
      },
      "10": {
        "start": {
          "line": 37,
          "column": 8
        },
        "end": {
          "line": 37,
          "column": 24
        }
      },
      "11": {
        "start": {
          "line": 40,
          "column": 8
        },
        "end": {
          "line": 40,
          "column": 34
        }
      },
      "12": {
        "start": {
          "line": 44,
          "column": 6
        },
        "end": {
          "line": 44,
          "column": 23
        }
      },
      "13": {
        "start": {
          "line": 48,
          "column": 26
        },
        "end": {
          "line": 57,
          "column": 3
        }
      },
      "14": {
        "start": {
          "line": 49,
          "column": 4
        },
        "end": {
          "line": 56,
          "column": 5
        }
      },
      "15": {
        "start": {
          "line": 50,
          "column": 6
        },
        "end": {
          "line": 55,
          "column": 7
        }
      },
      "16": {
        "start": {
          "line": 51,
          "column": 8
        },
        "end": {
          "line": 51,
          "column": 38
        }
      },
      "17": {
        "start": {
          "line": 54,
          "column": 8
        },
        "end": {
          "line": 54,
          "column": 39
        }
      },
      "18": {
        "start": {
          "line": 59,
          "column": 2
        },
        "end": {
          "line": 59,
          "column": 33
        }
      },
      "19": {
        "start": {
          "line": 59,
          "column": 15
        },
        "end": {
          "line": 59,
          "column": 33
        }
      },
      "20": {
        "start": {
          "line": 60,
          "column": 2
        },
        "end": {
          "line": 63,
          "column": 3
        }
      },
      "21": {
        "start": {
          "line": 61,
          "column": 4
        },
        "end": {
          "line": 61,
          "column": 41
        }
      },
      "22": {
        "start": {
          "line": 62,
          "column": 4
        },
        "end": {
          "line": 62,
          "column": 10
        }
      },
      "23": {
        "start": {
          "line": 65,
          "column": 2
        },
        "end": {
          "line": 72,
          "column": 3
        }
      }
    },
    "fnMap": {
      "0": {
        "name": "(anonymous_0)",
        "decl": {
          "start": {
            "line": 9,
            "column": 19
          },
          "end": {
            "line": 9,
            "column": 20
          }
        },
        "loc": {
          "start": {
            "line": 9,
            "column": 25
          },
          "end": {
            "line": 73,
            "column": 1
          }
        },
        "line": 9
      },
      "1": {
        "name": "(anonymous_1)",
        "decl": {
          "start": {
            "line": 21,
            "column": 23
          },
          "end": {
            "line": 21,
            "column": 24
          }
        },
        "loc": {
          "start": {
            "line": 21,
            "column": 29
          },
          "end": {
            "line": 46,
            "column": 3
          }
        },
        "line": 21
      },
      "2": {
        "name": "(anonymous_2)",
        "decl": {
          "start": {
            "line": 24,
            "column": 41
          },
          "end": {
            "line": 24,
            "column": 42
          }
        },
        "loc": {
          "start": {
            "line": 24,
            "column": 49
          },
          "end": {
            "line": 36,
            "column": 9
          }
        },
        "line": 24
      },
      "3": {
        "name": "(anonymous_3)",
        "decl": {
          "start": {
            "line": 48,
            "column": 26
          },
          "end": {
            "line": 48,
            "column": 27
          }
        },
        "loc": {
          "start": {
            "line": 48,
            "column": 32
          },
          "end": {
            "line": 57,
            "column": 3
          }
        },
        "line": 48
      }
    },
    "branchMap": {
      "0": {
        "loc": {
          "start": {
            "line": 22,
            "column": 4
          },
          "end": {
            "line": 45,
            "column": 5
          }
        },
        "type": "if",
        "locations": [
          {
            "start": {
              "line": 22,
              "column": 4
            },
            "end": {
              "line": 45,
              "column": 5
            }
          },
          {
            "start": {
              "line": 22,
              "column": 4
            },
            "end": {
              "line": 45,
              "column": 5
            }
          }
        ],
        "line": 22
      },
      "1": {
        "loc": {
          "start": {
            "line": 23,
            "column": 6
          },
          "end": {
            "line": 41,
            "column": 7
          }
        },
        "type": "if",
        "locations": [
          {
            "start": {
              "line": 23,
              "column": 6
            },
            "end": {
              "line": 41,
              "column": 7
            }
          },
          {
            "start": {
              "line": 23,
              "column": 6
            },
            "end": {
              "line": 41,
              "column": 7
            }
          }
        ],
        "line": 23
      },
      "2": {
        "loc": {
          "start": {
            "line": 49,
            "column": 4
          },
          "end": {
            "line": 56,
            "column": 5
          }
        },
        "type": "if",
        "locations": [
          {
            "start": {
              "line": 49,
              "column": 4
            },
            "end": {
              "line": 56,
              "column": 5
            }
          },
          {
            "start": {
              "line": 49,
              "column": 4
            },
            "end": {
              "line": 56,
              "column": 5
            }
          }
        ],
        "line": 49
      },
      "3": {
        "loc": {
          "start": {
            "line": 50,
            "column": 6
          },
          "end": {
            "line": 55,
            "column": 7
          }
        },
        "type": "if",
        "locations": [
          {
            "start": {
              "line": 50,
              "column": 6
            },
            "end": {
              "line": 55,
              "column": 7
            }
          },
          {
            "start": {
              "line": 50,
              "column": 6
            },
            "end": {
              "line": 55,
              "column": 7
            }
          }
        ],
        "line": 50
      },
      "4": {
        "loc": {
          "start": {
            "line": 59,
            "column": 2
          },
          "end": {
            "line": 59,
            "column": 33
          }
        },
        "type": "if",
        "locations": [
          {
            "start": {
              "line": 59,
              "column": 2
            },
            "end": {
              "line": 59,
              "column": 33
            }
          },
          {
            "start": {
              "line": 59,
              "column": 2
            },
            "end": {
              "line": 59,
              "column": 33
            }
          }
        ],
        "line": 59
      },
      "5": {
        "loc": {
          "start": {
            "line": 60,
            "column": 2
          },
          "end": {
            "line": 63,
            "column": 3
          }
        },
        "type": "if",
        "locations": [
          {
            "start": {
              "line": 60,
              "column": 2
            },
            "end": {
              "line": 63,
              "column": 3
            }
          },
          {
            "start": {
              "line": 60,
              "column": 2
            },
            "end": {
              "line": 63,
              "column": 3
            }
          }
        ],
        "line": 60
      }
    },
    "s": {
      "0": 16,
      "1": 4,
      "2": 4,
      "3": 4,
      "4": 4,
      "5": 4,
      "6": 2,
      "7": 2,
      "8": 2,
      "9": 8,
      "10": 2,
      "11": 0,
      "12": 0,
      "13": 4,
      "14": 2,
      "15": 2,
      "16": 2,
      "17": 0,
      "18": 4,
      "19": 2,
      "20": 2,
      "21": 0,
      "22": 0,
      "23": 2
    },
    "f": {
      "0": 4,
      "1": 2,
      "2": 8,
      "3": 2
    },
    "b": {
      "0": [
        2,
        0
      ],
      "1": [
        2,
        0
      ],
      "2": [
        2,
        0
      ],
      "3": [
        2,
        0
      ],
      "4": [
        2,
        2
      ],
      "5": [
        0,
        2
      ]
    },
    "_coverageSchema": "1a1c01bbd47fc00a2c39e90264f33305004495a9",
    "hash": "01cf53567572d61e35e59cad30ffc8f5563e38e6"
  },
  "/Users/samrice/Turing/4mod/streamr-fe/src/Components/App/App.js": {
    "path": "/Users/samrice/Turing/4mod/streamr-fe/src/Components/App/App.js",
    "statementMap": {
      "0": {
        "start": {
          "line": 14,
          "column": 2
        },
        "end": {
          "line": 29,
          "column": 3
        }
      }
    },
    "fnMap": {
      "0": {
        "name": "App",
        "decl": {
          "start": {
            "line": 13,
            "column": 9
          },
          "end": {
            "line": 13,
            "column": 12
          }
        },
        "loc": {
          "start": {
            "line": 13,
            "column": 15
          },
          "end": {
            "line": 30,
            "column": 1
          }
        },
        "line": 13
      }
    },
    "branchMap": {},
    "s": {
      "0": 18
    },
    "f": {
      "0": 18
    },
    "b": {},
    "_coverageSchema": "1a1c01bbd47fc00a2c39e90264f33305004495a9",
    "hash": "ae850222392bcd88de6951663f004191ee597de8"
  },
  "/Users/samrice/Turing/4mod/streamr-fe/src/index.js": {
    "path": "/Users/samrice/Turing/4mod/streamr-fe/src/index.js",
    "statementMap": {
      "0": {
        "start": {
          "line": 11,
          "column": 15
        },
        "end": {
          "line": 15,
          "column": 2
        }
      },
      "1": {
        "start": {
          "line": 17,
          "column": 13
        },
        "end": {
          "line": 17,
          "column": 65
        }
      },
      "2": {
        "start": {
          "line": 19,
          "column": 0
        },
        "end": {
          "line": 29,
          "column": 1
        }
      }
    },
    "fnMap": {},
    "branchMap": {},
    "s": {
      "0": 16,
      "1": 16,
      "2": 16
    },
    "f": {},
    "b": {},
    "_coverageSchema": "1a1c01bbd47fc00a2c39e90264f33305004495a9",
    "hash": "7593e496faceabdd80a063a7af5fd8a380d23648"
  }
}