{
  "/Users/samrice/Turing/4mod/streamr-fe/src/Providers/UserTypes.js": {
    "path": "/Users/samrice/Turing/4mod/streamr-fe/src/Providers/UserTypes.js",
    "statementMap": {},
    "fnMap": {},
    "branchMap": {},
    "s": {},
    "f": {},
    "b": {},
    "_coverageSchema": "1a1c01bbd47fc00a2c39e90264f33305004495a9",
    "hash": "174d87c4335e6e2e1a38f7a3fb9d49260f4b2ba5"
  },
  "/Users/samrice/Turing/4mod/streamr-fe/src/Providers/UserReducer.js": {
    "path": "/Users/samrice/Turing/4mod/streamr-fe/src/Providers/UserReducer.js",
    "statementMap": {
      "0": {
        "start": {
          "line": 3,
          "column": 33
        },
        "end": {
          "line": 5,
          "column": 1
        }
      },
      "1": {
        "start": {
          "line": 7,
          "column": 20
        },
        "end": {
          "line": 38,
          "column": 1
        }
      },
      "2": {
        "start": {
          "line": 8,
          "column": 2
        },
        "end": {
          "line": 37,
          "column": 3
        }
      },
      "3": {
        "start": {
          "line": 10,
          "column": 6
        },
        "end": {
          "line": 14,
          "column": 7
        }
      },
      "4": {
        "start": {
          "line": 16,
          "column": 6
        },
        "end": {
          "line": 24,
          "column": 7
        }
      },
      "5": {
        "start": {
          "line": 26,
          "column": 27
        },
        "end": {
          "line": 28,
          "column": 8
        }
      },
      "6": {
        "start": {
          "line": 27,
          "column": 8
        },
        "end": {
          "line": 27,
          "column": 41
        }
      },
      "7": {
        "start": {
          "line": 29,
          "column": 6
        },
        "end": {
          "line": 34,
          "column": 7
        }
      },
      "8": {
        "start": {
          "line": 36,
          "column": 6
        },
        "end": {
          "line": 36,
          "column": 18
        }
      }
    },
    "fnMap": {
      "0": {
        "name": "(anonymous_0)",
        "decl": {
          "start": {
            "line": 7,
            "column": 20
          },
          "end": {
            "line": 7,
            "column": 21
          }
        },
        "loc": {
          "start": {
            "line": 7,
            "column": 39
          },
          "end": {
            "line": 38,
            "column": 1
          }
        },
        "line": 7
      },
      "1": {
        "name": "(anonymous_1)",
        "decl": {
          "start": {
            "line": 26,
            "column": 67
          },
          "end": {
            "line": 26,
            "column": 68
          }
        },
        "loc": {
          "start": {
            "line": 26,
            "column": 75
          },
          "end": {
            "line": 28,
            "column": 7
          }
        },
        "line": 26
      }
    },
    "branchMap": {
      "0": {
        "loc": {
          "start": {
            "line": 8,
            "column": 2
          },
          "end": {
            "line": 37,
            "column": 3
          }
        },
        "type": "switch",
        "locations": [
          {
            "start": {
              "line": 9,
              "column": 4
            },
            "end": {
              "line": 14,
              "column": 7
            }
          },
          {
            "start": {
              "line": 15,
              "column": 4
            },
            "end": {
              "line": 24,
              "column": 7
            }
          },
          {
            "start": {
              "line": 25,
              "column": 4
            },
            "end": {
              "line": 34,
              "column": 7
            }
          },
          {
            "start": {
              "line": 35,
              "column": 4
            },
            "end": {
              "line": 36,
              "column": 18
            }
          }
        ],
        "line": 8
      }
    },
    "s": {
      "0": 84,
      "1": 84,
      "2": 87,
      "3": 76,
      "4": 3,
      "5": 8,
      "6": 24,
      "7": 8,
      "8": 0
    },
    "f": {
      "0": 87,
      "1": 24
    },
    "b": {
      "0": [
        76,
        3,
        8,
        0
      ]
    },
    "_coverageSchema": "1a1c01bbd47fc00a2c39e90264f33305004495a9",
    "hash": "8f5e3172eba0a39388fd0b94e5f377f23d4eaf36"
  },
  "/Users/samrice/Turing/4mod/streamr-fe/src/Providers/UserContext.js": {
    "path": "/Users/samrice/Turing/4mod/streamr-fe/src/Providers/UserContext.js",
    "statementMap": {
      "0": {
        "start": {
          "line": 5,
          "column": 27
        },
        "end": {
          "line": 5,
          "column": 66
        }
      },
      "1": {
        "start": {
          "line": 7,
          "column": 21
        },
        "end": {
          "line": 42,
          "column": 1
        }
      },
      "2": {
        "start": {
          "line": 8,
          "column": 28
        },
        "end": {
          "line": 8,
          "column": 70
        }
      },
      "3": {
        "start": {
          "line": 9,
          "column": 26
        },
        "end": {
          "line": 9,
          "column": 31
        }
      },
      "4": {
        "start": {
          "line": 11,
          "column": 18
        },
        "end": {
          "line": 16,
          "column": 3
        }
      },
      "5": {
        "start": {
          "line": 12,
          "column": 4
        },
        "end": {
          "line": 15,
          "column": 6
        }
      },
      "6": {
        "start": {
          "line": 18,
          "column": 25
        },
        "end": {
          "line": 23,
          "column": 3
        }
      },
      "7": {
        "start": {
          "line": 19,
          "column": 4
        },
        "end": {
          "line": 22,
          "column": 6
        }
      },
      "8": {
        "start": {
          "line": 25,
          "column": 30
        },
        "end": {
          "line": 30,
          "column": 3
        }
      },
      "9": {
        "start": {
          "line": 26,
          "column": 4
        },
        "end": {
          "line": 29,
          "column": 6
        }
      },
      "10": {
        "start": {
          "line": 32,
          "column": 2
        },
        "end": {
          "line": 41,
          "column": 3
        }
      }
    },
    "fnMap": {
      "0": {
        "name": "(anonymous_0)",
        "decl": {
          "start": {
            "line": 7,
            "column": 21
          },
          "end": {
            "line": 7,
            "column": 22
          }
        },
        "loc": {
          "start": {
            "line": 7,
            "column": 39
          },
          "end": {
            "line": 42,
            "column": 1
          }
        },
        "line": 7
      },
      "1": {
        "name": "(anonymous_1)",
        "decl": {
          "start": {
            "line": 11,
            "column": 18
          },
          "end": {
            "line": 11,
            "column": 19
          }
        },
        "loc": {
          "start": {
            "line": 11,
            "column": 32
          },
          "end": {
            "line": 16,
            "column": 3
          }
        },
        "line": 11
      },
      "2": {
        "name": "(anonymous_2)",
        "decl": {
          "start": {
            "line": 18,
            "column": 25
          },
          "end": {
            "line": 18,
            "column": 26
          }
        },
        "loc": {
          "start": {
            "line": 18,
            "column": 35
          },
          "end": {
            "line": 23,
            "column": 3
          }
        },
        "line": 18
      },
      "3": {
        "name": "(anonymous_3)",
        "decl": {
          "start": {
            "line": 25,
            "column": 30
          },
          "end": {
            "line": 25,
            "column": 31
          }
        },
        "loc": {
          "start": {
            "line": 25,
            "column": 42
          },
          "end": {
            "line": 30,
            "column": 3
          }
        },
        "line": 25
      }
    },
    "branchMap": {},
    "s": {
      "0": 84,
      "1": 84,
      "2": 171,
      "3": 171,
      "4": 171,
      "5": 76,
      "6": 171,
      "7": 3,
      "8": 171,
      "9": 8,
      "10": 171
    },
    "f": {
      "0": 171,
      "1": 76,
      "2": 3,
      "3": 8
    },
    "b": {},
    "_coverageSchema": "1a1c01bbd47fc00a2c39e90264f33305004495a9",
    "hash": "d4170dfb374fcb5c46d2299d757a19f2365cde05"
  },
  "/Users/samrice/Turing/4mod/streamr-fe/src/GraphQL/Queries.js": {
    "path": "/Users/samrice/Turing/4mod/streamr-fe/src/GraphQL/Queries.js",
    "statementMap": {
      "0": {
        "start": {
          "line": 3,
          "column": 24
        },
        "end": {
          "line": 41,
          "column": 1
        }
      },
      "1": {
        "start": {
          "line": 43,
          "column": 32
        },
        "end": {
          "line": 73,
          "column": 1
        }
      },
      "2": {
        "start": {
          "line": 74,
          "column": 34
        },
        "end": {
          "line": 88,
          "column": 1
        }
      },
      "3": {
        "start": {
          "line": 89,
          "column": 29
        },
        "end": {
          "line": 96,
          "column": 1
        }
      },
      "4": {
        "start": {
          "line": 98,
          "column": 37
        },
        "end": {
          "line": 105,
          "column": 1
        }
      }
    },
    "fnMap": {},
    "branchMap": {},
    "s": {
      "0": 84,
      "1": 84,
      "2": 84,
      "3": 84,
      "4": 84
    },
    "f": {},
    "b": {},
    "_coverageSchema": "1a1c01bbd47fc00a2c39e90264f33305004495a9",
    "hash": "e42febd8da1608c1f49aa95340f73ca5538806ca"
  },
  "/Users/samrice/Turing/4mod/streamr-fe/src/Components/Error/Error.js": {
    "path": "/Users/samrice/Turing/4mod/streamr-fe/src/Components/Error/Error.js",
    "statementMap": {
      "0": {
        "start": {
          "line": 5,
          "column": 14
        },
        "end": {
          "line": 14,
          "column": 1
        }
      },
      "1": {
        "start": {
          "line": 6,
          "column": 4
        },
        "end": {
          "line": 13,
          "column": 5
        }
      }
    },
    "fnMap": {
      "0": {
        "name": "(anonymous_0)",
        "decl": {
          "start": {
            "line": 5,
            "column": 14
          },
          "end": {
            "line": 5,
            "column": 15
          }
        },
        "loc": {
          "start": {
            "line": 5,
            "column": 20
          },
          "end": {
            "line": 14,
            "column": 1
          }
        },
        "line": 5
      }
    },
    "branchMap": {},
    "s": {
      "0": 84,
      "1": 58
    },
    "f": {
      "0": 58
    },
    "b": {},
    "_coverageSchema": "1a1c01bbd47fc00a2c39e90264f33305004495a9",
    "hash": "c4370cba7f89f8f3bae2953cad8b3f468d6c65f4"
  },
  "/Users/samrice/Turing/4mod/streamr-fe/src/Components/LoginPage/LoginPage.js": {
    "path": "/Users/samrice/Turing/4mod/streamr-fe/src/Components/LoginPage/LoginPage.js",
    "statementMap": {
      "0": {
        "start": {
          "line": 13,
          "column": 18
        },
        "end": {
          "line": 131,
          "column": 1
        }
      },
      "1": {
        "start": {
          "line": 14,
          "column": 19
        },
        "end": {
          "line": 14,
          "column": 32
        }
      },
      "2": {
        "start": {
          "line": 15,
          "column": 35
        },
        "end": {
          "line": 15,
          "column": 58
        }
      },
      "3": {
        "start": {
          "line": 16,
          "column": 35
        },
        "end": {
          "line": 16,
          "column": 58
        }
      },
      "4": {
        "start": {
          "line": 17,
          "column": 38
        },
        "end": {
          "line": 17,
          "column": 53
        }
      },
      "5": {
        "start": {
          "line": 18,
          "column": 20
        },
        "end": {
          "line": 18,
          "column": 42
        }
      },
      "6": {
        "start": {
          "line": 19,
          "column": 34
        },
        "end": {
          "line": 19,
          "column": 46
        }
      },
      "7": {
        "start": {
          "line": 20,
          "column": 38
        },
        "end": {
          "line": 26,
          "column": 4
        }
      },
      "8": {
        "start": {
          "line": 28,
          "column": 2
        },
        "end": {
          "line": 30,
          "column": 32
        }
      },
      "9": {
        "start": {
          "line": 29,
          "column": 4
        },
        "end": {
          "line": 29,
          "column": 45
        }
      },
      "10": {
        "start": {
          "line": 29,
          "column": 34
        },
        "end": {
          "line": 29,
          "column": 45
        }
      },
      "11": {
        "start": {
          "line": 32,
          "column": 2
        },
        "end": {
          "line": 34,
          "column": 19
        }
      },
      "12": {
        "start": {
          "line": 33,
          "column": 4
        },
        "end": {
          "line": 33,
          "column": 34
        }
      },
      "13": {
        "start": {
          "line": 33,
          "column": 21
        },
        "end": {
          "line": 33,
          "column": 34
        }
      },
      "14": {
        "start": {
          "line": 36,
          "column": 20
        },
        "end": {
          "line": 46,
          "column": 3
        }
      },
      "15": {
        "start": {
          "line": 37,
          "column": 39
        },
        "end": {
          "line": 39,
          "column": 8
        }
      },
      "16": {
        "start": {
          "line": 40,
          "column": 6
        },
        "end": {
          "line": 44,
          "column": 7
        }
      },
      "17": {
        "start": {
          "line": 41,
          "column": 8
        },
        "end": {
          "line": 41,
          "column": 27
        }
      },
      "18": {
        "start": {
          "line": 43,
          "column": 8
        },
        "end": {
          "line": 43,
          "column": 31
        }
      },
      "19": {
        "start": {
          "line": 48,
          "column": 23
        },
        "end": {
          "line": 53,
          "column": 3
        }
      },
      "20": {
        "start": {
          "line": 49,
          "column": 4
        },
        "end": {
          "line": 52,
          "column": 7
        }
      },
      "21": {
        "start": {
          "line": 49,
          "column": 34
        },
        "end": {
          "line": 52,
          "column": 5
        }
      },
      "22": {
        "start": {
          "line": 55,
          "column": 2
        },
        "end": {
          "line": 59,
          "column": 12
        }
      },
      "23": {
        "start": {
          "line": 56,
          "column": 4
        },
        "end": {
          "line": 58,
          "column": 5
        }
      },
      "24": {
        "start": {
          "line": 57,
          "column": 6
        },
        "end": {
          "line": 57,
          "column": 29
        }
      },
      "25": {
        "start": {
          "line": 61,
          "column": 23
        },
        "end": {
          "line": 81,
          "column": 3
        }
      },
      "26": {
        "start": {
          "line": 62,
          "column": 4
        },
        "end": {
          "line": 62,
          "column": 26
        }
      },
      "27": {
        "start": {
          "line": 63,
          "column": 22
        },
        "end": {
          "line": 63,
          "column": 82
        }
      },
      "28": {
        "start": {
          "line": 63,
          "column": 44
        },
        "end": {
          "line": 63,
          "column": 81
        }
      },
      "29": {
        "start": {
          "line": 65,
          "column": 4
        },
        "end": {
          "line": 80,
          "column": 5
        }
      },
      "30": {
        "start": {
          "line": 66,
          "column": 6
        },
        "end": {
          "line": 71,
          "column": 9
        }
      },
      "31": {
        "start": {
          "line": 66,
          "column": 36
        },
        "end": {
          "line": 71,
          "column": 7
        }
      },
      "32": {
        "start": {
          "line": 74,
          "column": 6
        },
        "end": {
          "line": 78,
          "column": 9
        }
      },
      "33": {
        "start": {
          "line": 74,
          "column": 36
        },
        "end": {
          "line": 78,
          "column": 7
        }
      },
      "34": {
        "start": {
          "line": 79,
          "column": 6
        },
        "end": {
          "line": 79,
          "column": 18
        }
      },
      "35": {
        "start": {
          "line": 83,
          "column": 21
        },
        "end": {
          "line": 90,
          "column": 3
        }
      },
      "36": {
        "start": {
          "line": 84,
          "column": 4
        },
        "end": {
          "line": 89,
          "column": 6
        }
      },
      "37": {
        "start": {
          "line": 92,
          "column": 2
        },
        "end": {
          "line": 95,
          "column": 3
        }
      },
      "38": {
        "start": {
          "line": 93,
          "column": 4
        },
        "end": {
          "line": 93,
          "column": 22
        }
      },
      "39": {
        "start": {
          "line": 94,
          "column": 4
        },
        "end": {
          "line": 94,
          "column": 41
        }
      },
      "40": {
        "start": {
          "line": 97,
          "column": 2
        },
        "end": {
          "line": 130,
          "column": 3
        }
      },
      "41": {
        "start": {
          "line": 122,
          "column": 34
        },
        "end": {
          "line": 122,
          "column": 53
        }
      }
    },
    "fnMap": {
      "0": {
        "name": "(anonymous_0)",
        "decl": {
          "start": {
            "line": 13,
            "column": 18
          },
          "end": {
            "line": 13,
            "column": 19
          }
        },
        "loc": {
          "start": {
            "line": 13,
            "column": 24
          },
          "end": {
            "line": 131,
            "column": 1
          }
        },
        "line": 13
      },
      "1": {
        "name": "(anonymous_1)",
        "decl": {
          "start": {
            "line": 28,
            "column": 12
          },
          "end": {
            "line": 28,
            "column": 13
          }
        },
        "loc": {
          "start": {
            "line": 28,
            "column": 18
          },
          "end": {
            "line": 30,
            "column": 3
          }
        },
        "line": 28
      },
      "2": {
        "name": "(anonymous_2)",
        "decl": {
          "start": {
            "line": 32,
            "column": 12
          },
          "end": {
            "line": 32,
            "column": 13
          }
        },
        "loc": {
          "start": {
            "line": 32,
            "column": 18
          },
          "end": {
            "line": 34,
            "column": 3
          }
        },
        "line": 32
      },
      "3": {
        "name": "(anonymous_3)",
        "decl": {
          "start": {
            "line": 36,
            "column": 20
          },
          "end": {
            "line": 36,
            "column": 21
          }
        },
        "loc": {
          "start": {
            "line": 36,
            "column": 32
          },
          "end": {
            "line": 46,
            "column": 3
          }
        },
        "line": 36
      },
      "4": {
        "name": "(anonymous_4)",
        "decl": {
          "start": {
            "line": 48,
            "column": 23
          },
          "end": {
            "line": 48,
            "column": 24
          }
        },
        "loc": {
          "start": {
            "line": 48,
            "column": 34
          },
          "end": {
            "line": 53,
            "column": 3
          }
        },
        "line": 48
      },
      "5": {
        "name": "(anonymous_5)",
        "decl": {
          "start": {
            "line": 49,
            "column": 18
          },
          "end": {
            "line": 49,
            "column": 19
          }
        },
        "loc": {
          "start": {
            "line": 49,
            "column": 34
          },
          "end": {
            "line": 52,
            "column": 5
          }
        },
        "line": 49
      },
      "6": {
        "name": "(anonymous_6)",
        "decl": {
          "start": {
            "line": 55,
            "column": 12
          },
          "end": {
            "line": 55,
            "column": 13
          }
        },
        "loc": {
          "start": {
            "line": 55,
            "column": 18
          },
          "end": {
            "line": 59,
            "column": 3
          }
        },
        "line": 55
      },
      "7": {
        "name": "(anonymous_7)",
        "decl": {
          "start": {
            "line": 61,
            "column": 23
          },
          "end": {
            "line": 61,
            "column": 24
          }
        },
        "loc": {
          "start": {
            "line": 61,
            "column": 34
          },
          "end": {
            "line": 81,
            "column": 3
          }
        },
        "line": 61
      },
      "8": {
        "name": "(anonymous_8)",
        "decl": {
          "start": {
            "line": 63,
            "column": 36
          },
          "end": {
            "line": 63,
            "column": 37
          }
        },
        "loc": {
          "start": {
            "line": 63,
            "column": 44
          },
          "end": {
            "line": 63,
            "column": 81
          }
        },
        "line": 63
      },
      "9": {
        "name": "(anonymous_9)",
        "decl": {
          "start": {
            "line": 66,
            "column": 20
          },
          "end": {
            "line": 66,
            "column": 21
          }
        },
        "loc": {
          "start": {
            "line": 66,
            "column": 36
          },
          "end": {
            "line": 71,
            "column": 7
          }
        },
        "line": 66
      },
      "10": {
        "name": "(anonymous_10)",
        "decl": {
          "start": {
            "line": 74,
            "column": 20
          },
          "end": {
            "line": 74,
            "column": 21
          }
        },
        "loc": {
          "start": {
            "line": 74,
            "column": 36
          },
          "end": {
            "line": 78,
            "column": 7
          }
        },
        "line": 74
      },
      "11": {
        "name": "(anonymous_11)",
        "decl": {
          "start": {
            "line": 83,
            "column": 21
          },
          "end": {
            "line": 83,
            "column": 22
          }
        },
        "loc": {
          "start": {
            "line": 83,
            "column": 27
          },
          "end": {
            "line": 90,
            "column": 3
          }
        },
        "line": 83
      },
      "12": {
        "name": "(anonymous_12)",
        "decl": {
          "start": {
            "line": 122,
            "column": 25
          },
          "end": {
            "line": 122,
            "column": 26
          }
        },
        "loc": {
          "start": {
            "line": 122,
            "column": 34
          },
          "end": {
            "line": 122,
            "column": 53
          }
        },
        "line": 122
      }
    },
    "branchMap": {
      "0": {
        "loc": {
          "start": {
            "line": 29,
            "column": 4
          },
          "end": {
            "line": 29,
            "column": 45
          }
        },
        "type": "if",
        "locations": [
          {
            "start": {
              "line": 29,
              "column": 4
            },
            "end": {
              "line": 29,
              "column": 45
            }
          },
          {
            "start": {
              "line": 29,
              "column": 4
            },
            "end": {
              "line": 29,
              "column": 45
            }
          }
        ],
        "line": 29
      },
      "1": {
        "loc": {
          "start": {
            "line": 33,
            "column": 4
          },
          "end": {
            "line": 33,
            "column": 34
          }
        },
        "type": "if",
        "locations": [
          {
            "start": {
              "line": 33,
              "column": 4
            },
            "end": {
              "line": 33,
              "column": 34
            }
          },
          {
            "start": {
              "line": 33,
              "column": 4
            },
            "end": {
              "line": 33,
              "column": 34
            }
          }
        ],
        "line": 33
      },
      "2": {
        "loc": {
          "start": {
            "line": 40,
            "column": 6
          },
          "end": {
            "line": 44,
            "column": 7
          }
        },
        "type": "if",
        "locations": [
          {
            "start": {
              "line": 40,
              "column": 6
            },
            "end": {
              "line": 44,
              "column": 7
            }
          },
          {
            "start": {
              "line": 40,
              "column": 6
            },
            "end": {
              "line": 44,
              "column": 7
            }
          }
        ],
        "line": 40
      },
      "3": {
        "loc": {
          "start": {
            "line": 56,
            "column": 4
          },
          "end": {
            "line": 58,
            "column": 5
          }
        },
        "type": "if",
        "locations": [
          {
            "start": {
              "line": 56,
              "column": 4
            },
            "end": {
              "line": 58,
              "column": 5
            }
          },
          {
            "start": {
              "line": 56,
              "column": 4
            },
            "end": {
              "line": 58,
              "column": 5
            }
          }
        ],
        "line": 56
      },
      "4": {
        "loc": {
          "start": {
            "line": 65,
            "column": 4
          },
          "end": {
            "line": 80,
            "column": 5
          }
        },
        "type": "if",
        "locations": [
          {
            "start": {
              "line": 65,
              "column": 4
            },
            "end": {
              "line": 80,
              "column": 5
            }
          },
          {
            "start": {
              "line": 65,
              "column": 4
            },
            "end": {
              "line": 80,
              "column": 5
            }
          }
        ],
        "line": 65
      },
      "5": {
        "loc": {
          "start": {
            "line": 65,
            "column": 7
          },
          "end": {
            "line": 65,
            "column": 53
          }
        },
        "type": "binary-expr",
        "locations": [
          {
            "start": {
              "line": 65,
              "column": 7
            },
            "end": {
              "line": 65,
              "column": 16
            }
          },
          {
            "start": {
              "line": 65,
              "column": 20
            },
            "end": {
              "line": 65,
              "column": 53
            }
          }
        ],
        "line": 65
      },
      "6": {
        "loc": {
          "start": {
            "line": 92,
            "column": 2
          },
          "end": {
            "line": 95,
            "column": 3
          }
        },
        "type": "if",
        "locations": [
          {
            "start": {
              "line": 92,
              "column": 2
            },
            "end": {
              "line": 95,
              "column": 3
            }
          },
          {
            "start": {
              "line": 92,
              "column": 2
            },
            "end": {
              "line": 95,
              "column": 3
            }
          }
        ],
        "line": 92
      },
      "7": {
        "loc": {
          "start": {
            "line": 99,
            "column": 7
          },
          "end": {
            "line": 128,
            "column": 17
          }
        },
        "type": "cond-expr",
        "locations": [
          {
            "start": {
              "line": 100,
              "column": 7
            },
            "end": {
              "line": 127,
              "column": 12
            }
          },
          {
            "start": {
              "line": 128,
              "column": 8
            },
            "end": {
              "line": 128,
              "column": 17
            }
          }
        ],
        "line": 99
      },
      "8": {
        "loc": {
          "start": {
            "line": 124,
            "column": 9
          },
          "end": {
            "line": 125,
            "column": 75
          }
        },
        "type": "binary-expr",
        "locations": [
          {
            "start": {
              "line": 124,
              "column": 9
            },
            "end": {
              "line": 124,
              "column": 32
            }
          },
          {
            "start": {
              "line": 125,
              "column": 8
            },
            "end": {
              "line": 125,
              "column": 75
            }
          }
        ],
        "line": 124
      }
    },
    "s": {
      "0": 84,
      "1": 1920,
      "2": 1920,
      "3": 1920,
      "4": 1920,
      "5": 1920,
      "6": 1920,
      "7": 1920,
      "8": 1920,
      "9": 161,
      "10": 77,
      "11": 1920,
      "12": 160,
      "13": 76,
      "14": 1920,
      "15": 77,
      "16": 77,
      "17": 1,
      "18": 76,
      "19": 1920,
      "20": 1355,
      "21": 1355,
      "22": 1920,
      "23": 168,
      "24": 84,
      "25": 1920,
      "26": 82,
      "27": 82,
      "28": 94,
      "29": 82,
      "30": 77,
      "31": 77,
      "32": 5,
      "33": 5,
      "34": 5,
      "35": 1920,
      "36": 5,
      "37": 1920,
      "38": 0,
      "39": 0,
      "40": 1920,
      "41": 82
    },
    "f": {
      "0": 1920,
      "1": 161,
      "2": 160,
      "3": 77,
      "4": 1355,
      "5": 1355,
      "6": 168,
      "7": 82,
      "8": 94,
      "9": 77,
      "10": 5,
      "11": 5,
      "12": 82
    },
    "b": {
      "0": [
        77,
        84
      ],
      "1": [
        76,
        84
      ],
      "2": [
        1,
        76
      ],
      "3": [
        84,
        84
      ],
      "4": [
        77,
        5
      ],
      "5": [
        82,
        79
      ],
      "6": [
        0,
        1920
      ],
      "7": [
        1919,
        1
      ],
      "8": [
        1919,
        5
      ]
    },
    "_coverageSchema": "1a1c01bbd47fc00a2c39e90264f33305004495a9",
    "hash": "2abc295b6234972a882adf5217260993edc8f0af"
  },
  "/Users/samrice/Turing/4mod/streamr-fe/src/Providers/RecModalTypes.js": {
    "path": "/Users/samrice/Turing/4mod/streamr-fe/src/Providers/RecModalTypes.js",
    "statementMap": {},
    "fnMap": {},
    "branchMap": {},
    "s": {},
    "f": {},
    "b": {},
    "_coverageSchema": "1a1c01bbd47fc00a2c39e90264f33305004495a9",
    "hash": "13ef455a980c14a32b54c955618d800a7b475439"
  },
  "/Users/samrice/Turing/4mod/streamr-fe/src/Providers/RecModalReducer.js": {
    "path": "/Users/samrice/Turing/4mod/streamr-fe/src/Providers/RecModalReducer.js",
    "statementMap": {
      "0": {
        "start": {
          "line": 3,
          "column": 37
        },
        "end": {
          "line": 7,
          "column": 2
        }
      },
      "1": {
        "start": {
          "line": 9,
          "column": 24
        },
        "end": {
          "line": 28,
          "column": 1
        }
      },
      "2": {
        "start": {
          "line": 10,
          "column": 4
        },
        "end": {
          "line": 27,
          "column": 5
        }
      },
      "3": {
        "start": {
          "line": 12,
          "column": 12
        },
        "end": {
          "line": 17,
          "column": 13
        }
      },
      "4": {
        "start": {
          "line": 19,
          "column": 12
        },
        "end": {
          "line": 24,
          "column": 13
        }
      },
      "5": {
        "start": {
          "line": 26,
          "column": 12
        },
        "end": {
          "line": 26,
          "column": 24
        }
      }
    },
    "fnMap": {
      "0": {
        "name": "(anonymous_0)",
        "decl": {
          "start": {
            "line": 9,
            "column": 24
          },
          "end": {
            "line": 9,
            "column": 25
          }
        },
        "loc": {
          "start": {
            "line": 9,
            "column": 43
          },
          "end": {
            "line": 28,
            "column": 1
          }
        },
        "line": 9
      }
    },
    "branchMap": {
      "0": {
        "loc": {
          "start": {
            "line": 10,
            "column": 4
          },
          "end": {
            "line": 27,
            "column": 5
          }
        },
        "type": "switch",
        "locations": [
          {
            "start": {
              "line": 11,
              "column": 8
            },
            "end": {
              "line": 17,
              "column": 13
            }
          },
          {
            "start": {
              "line": 18,
              "column": 8
            },
            "end": {
              "line": 24,
              "column": 13
            }
          },
          {
            "start": {
              "line": 25,
              "column": 8
            },
            "end": {
              "line": 26,
              "column": 24
            }
          }
        ],
        "line": 10
      }
    },
    "s": {
      "0": 84,
      "1": 84,
      "2": 38,
      "3": 19,
      "4": 19,
      "5": 0
    },
    "f": {
      "0": 38
    },
    "b": {
      "0": [
        19,
        19,
        0
      ]
    },
    "_coverageSchema": "1a1c01bbd47fc00a2c39e90264f33305004495a9",
    "hash": "8b7f638c8388d88d48cc3cab2e23a9d5a8006591"
  },
  "/Users/samrice/Turing/4mod/streamr-fe/src/Providers/RecModalContext.js": {
    "path": "/Users/samrice/Turing/4mod/streamr-fe/src/Providers/RecModalContext.js",
    "statementMap": {
      "0": {
        "start": {
          "line": 5,
          "column": 31
        },
        "end": {
          "line": 5,
          "column": 72
        }
      },
      "1": {
        "start": {
          "line": 7,
          "column": 25
        },
        "end": {
          "line": 36,
          "column": 1
        }
      },
      "2": {
        "start": {
          "line": 8,
          "column": 28
        },
        "end": {
          "line": 8,
          "column": 74
        }
      },
      "3": {
        "start": {
          "line": 9,
          "column": 27
        },
        "end": {
          "line": 9,
          "column": 32
        }
      },
      "4": {
        "start": {
          "line": 11,
          "column": 25
        },
        "end": {
          "line": 16,
          "column": 1
        }
      },
      "5": {
        "start": {
          "line": 12,
          "column": 4
        },
        "end": {
          "line": 15,
          "column": 6
        }
      },
      "6": {
        "start": {
          "line": 18,
          "column": 24
        },
        "end": {
          "line": 24,
          "column": 1
        }
      },
      "7": {
        "start": {
          "line": 19,
          "column": 2
        },
        "end": {
          "line": 23,
          "column": 4
        }
      },
      "8": {
        "start": {
          "line": 27,
          "column": 2
        },
        "end": {
          "line": 35,
          "column": 3
        }
      }
    },
    "fnMap": {
      "0": {
        "name": "(anonymous_0)",
        "decl": {
          "start": {
            "line": 7,
            "column": 25
          },
          "end": {
            "line": 7,
            "column": 26
          }
        },
        "loc": {
          "start": {
            "line": 7,
            "column": 43
          },
          "end": {
            "line": 36,
            "column": 1
          }
        },
        "line": 7
      },
      "1": {
        "name": "(anonymous_1)",
        "decl": {
          "start": {
            "line": 11,
            "column": 25
          },
          "end": {
            "line": 11,
            "column": 26
          }
        },
        "loc": {
          "start": {
            "line": 11,
            "column": 41
          },
          "end": {
            "line": 16,
            "column": 1
          }
        },
        "line": 11
      },
      "2": {
        "name": "(anonymous_2)",
        "decl": {
          "start": {
            "line": 18,
            "column": 24
          },
          "end": {
            "line": 18,
            "column": 25
          }
        },
        "loc": {
          "start": {
            "line": 18,
            "column": 36
          },
          "end": {
            "line": 24,
            "column": 1
          }
        },
        "line": 18
      }
    },
    "branchMap": {},
    "s": {
      "0": 84,
      "1": 84,
      "2": 103,
      "3": 103,
      "4": 103,
      "5": 19,
      "6": 103,
      "7": 19,
      "8": 103
    },
    "f": {
      "0": 103,
      "1": 19,
      "2": 19
    },
    "b": {},
    "_coverageSchema": "1a1c01bbd47fc00a2c39e90264f33305004495a9",
    "hash": "d404497abdbf2a5e5198c5b2d3596891040ad095"
  },
  "/Users/samrice/Turing/4mod/streamr-fe/src/Components/NavBar/helper-functions.js": {
    "path": "/Users/samrice/Turing/4mod/streamr-fe/src/Components/NavBar/helper-functions.js",
    "statementMap": {
      "0": {
        "start": {
          "line": 1,
          "column": 32
        },
        "end": {
          "line": 19,
          "column": 1
        }
      },
      "1": {
        "start": {
          "line": 2,
          "column": 4
        },
        "end": {
          "line": 18,
          "column": 5
        }
      },
      "2": {
        "start": {
          "line": 4,
          "column": 12
        },
        "end": {
          "line": 7,
          "column": 13
        }
      },
      "3": {
        "start": {
          "line": 9,
          "column": 12
        },
        "end": {
          "line": 12,
          "column": 13
        }
      },
      "4": {
        "start": {
          "line": 14,
          "column": 12
        },
        "end": {
          "line": 17,
          "column": 13
        }
      }
    },
    "fnMap": {
      "0": {
        "name": "(anonymous_0)",
        "decl": {
          "start": {
            "line": 1,
            "column": 32
          },
          "end": {
            "line": 1,
            "column": 33
          }
        },
        "loc": {
          "start": {
            "line": 1,
            "column": 46
          },
          "end": {
            "line": 19,
            "column": 1
          }
        },
        "line": 1
      }
    },
    "branchMap": {
      "0": {
        "loc": {
          "start": {
            "line": 2,
            "column": 4
          },
          "end": {
            "line": 18,
            "column": 5
          }
        },
        "type": "switch",
        "locations": [
          {
            "start": {
              "line": 3,
              "column": 8
            },
            "end": {
              "line": 7,
              "column": 13
            }
          },
          {
            "start": {
              "line": 8,
              "column": 8
            },
            "end": {
              "line": 12,
              "column": 13
            }
          },
          {
            "start": {
              "line": 13,
              "column": 8
            },
            "end": {
              "line": 17,
              "column": 13
            }
          }
        ],
        "line": 2
      }
    },
    "s": {
      "0": 84,
      "1": 481,
      "2": 204,
      "3": 96,
      "4": 181
    },
    "f": {
      "0": 481
    },
    "b": {
      "0": [
        204,
        96,
        181
      ]
    },
    "_coverageSchema": "1a1c01bbd47fc00a2c39e90264f33305004495a9",
    "hash": "31863567ad84f37299883bf0f8a3a20fca5bcf7c"
  },
  "/Users/samrice/Turing/4mod/streamr-fe/src/Components/NavBar/NavBar.js": {
    "path": "/Users/samrice/Turing/4mod/streamr-fe/src/Components/NavBar/NavBar.js",
    "statementMap": {
      "0": {
        "start": {
          "line": 8,
          "column": 15
        },
        "end": {
          "line": 79,
          "column": 1
        }
      },
      "1": {
        "start": {
          "line": 9,
          "column": 26
        },
        "end": {
          "line": 9,
          "column": 49
        }
      },
      "2": {
        "start": {
          "line": 10,
          "column": 42
        },
        "end": {
          "line": 10,
          "column": 54
        }
      },
      "3": {
        "start": {
          "line": 11,
          "column": 17
        },
        "end": {
          "line": 11,
          "column": 30
        }
      },
      "4": {
        "start": {
          "line": 12,
          "column": 21
        },
        "end": {
          "line": 12,
          "column": 47
        }
      },
      "5": {
        "start": {
          "line": 13,
          "column": 19
        },
        "end": {
          "line": 13,
          "column": 32
        }
      },
      "6": {
        "start": {
          "line": 15,
          "column": 23
        },
        "end": {
          "line": 17,
          "column": 3
        }
      },
      "7": {
        "start": {
          "line": 16,
          "column": 4
        },
        "end": {
          "line": 16,
          "column": 36
        }
      },
      "8": {
        "start": {
          "line": 19,
          "column": 24
        },
        "end": {
          "line": 25,
          "column": 3
        }
      },
      "9": {
        "start": {
          "line": 20,
          "column": 4
        },
        "end": {
          "line": 24,
          "column": 5
        }
      },
      "10": {
        "start": {
          "line": 21,
          "column": 6
        },
        "end": {
          "line": 21,
          "column": 38
        }
      },
      "11": {
        "start": {
          "line": 22,
          "column": 6
        },
        "end": {
          "line": 22,
          "column": 44
        }
      },
      "12": {
        "start": {
          "line": 23,
          "column": 6
        },
        "end": {
          "line": 23,
          "column": 18
        }
      },
      "13": {
        "start": {
          "line": 27,
          "column": 23
        },
        "end": {
          "line": 29,
          "column": 3
        }
      },
      "14": {
        "start": {
          "line": 28,
          "column": 4
        },
        "end": {
          "line": 28,
          "column": 16
        }
      },
      "15": {
        "start": {
          "line": 31,
          "column": 21
        },
        "end": {
          "line": 33,
          "column": 3
        }
      },
      "16": {
        "start": {
          "line": 32,
          "column": 4
        },
        "end": {
          "line": 32,
          "column": 20
        }
      },
      "17": {
        "start": {
          "line": 35,
          "column": 2
        },
        "end": {
          "line": 78,
          "column": 3
        }
      },
      "18": {
        "start": {
          "line": 51,
          "column": 36
        },
        "end": {
          "line": 51,
          "column": 56
        }
      }
    },
    "fnMap": {
      "0": {
        "name": "(anonymous_0)",
        "decl": {
          "start": {
            "line": 8,
            "column": 15
          },
          "end": {
            "line": 8,
            "column": 16
          }
        },
        "loc": {
          "start": {
            "line": 8,
            "column": 21
          },
          "end": {
            "line": 79,
            "column": 1
          }
        },
        "line": 8
      },
      "1": {
        "name": "(anonymous_1)",
        "decl": {
          "start": {
            "line": 15,
            "column": 23
          },
          "end": {
            "line": 15,
            "column": 24
          }
        },
        "loc": {
          "start": {
            "line": 15,
            "column": 34
          },
          "end": {
            "line": 17,
            "column": 3
          }
        },
        "line": 15
      },
      "2": {
        "name": "(anonymous_2)",
        "decl": {
          "start": {
            "line": 19,
            "column": 24
          },
          "end": {
            "line": 19,
            "column": 25
          }
        },
        "loc": {
          "start": {
            "line": 19,
            "column": 35
          },
          "end": {
            "line": 25,
            "column": 3
          }
        },
        "line": 19
      },
      "3": {
        "name": "(anonymous_3)",
        "decl": {
          "start": {
            "line": 27,
            "column": 23
          },
          "end": {
            "line": 27,
            "column": 24
          }
        },
        "loc": {
          "start": {
            "line": 27,
            "column": 29
          },
          "end": {
            "line": 29,
            "column": 3
          }
        },
        "line": 27
      },
      "4": {
        "name": "(anonymous_4)",
        "decl": {
          "start": {
            "line": 31,
            "column": 21
          },
          "end": {
            "line": 31,
            "column": 22
          }
        },
        "loc": {
          "start": {
            "line": 31,
            "column": 27
          },
          "end": {
            "line": 33,
            "column": 3
          }
        },
        "line": 31
      },
      "5": {
        "name": "(anonymous_5)",
        "decl": {
          "start": {
            "line": 51,
            "column": 27
          },
          "end": {
            "line": 51,
            "column": 28
          }
        },
        "loc": {
          "start": {
            "line": 51,
            "column": 36
          },
          "end": {
            "line": 51,
            "column": 56
          }
        },
        "line": 51
      }
    },
    "branchMap": {
      "0": {
        "loc": {
          "start": {
            "line": 20,
            "column": 4
          },
          "end": {
            "line": 24,
            "column": 5
          }
        },
        "type": "if",
        "locations": [
          {
            "start": {
              "line": 20,
              "column": 4
            },
            "end": {
              "line": 24,
              "column": 5
            }
          },
          {
            "start": {
              "line": 20,
              "column": 4
            },
            "end": {
              "line": 24,
              "column": 5
            }
          }
        ],
        "line": 20
      }
    },
    "s": {
      "0": 84,
      "1": 481,
      "2": 481,
      "3": 481,
      "4": 481,
      "5": 481,
      "6": 481,
      "7": 220,
      "8": 481,
      "9": 226,
      "10": 6,
      "11": 6,
      "12": 6,
      "13": 481,
      "14": 22,
      "15": 481,
      "16": 28,
      "17": 481,
      "18": 226
    },
    "f": {
      "0": 481,
      "1": 220,
      "2": 226,
      "3": 22,
      "4": 28,
      "5": 226
    },
    "b": {
      "0": [
        6,
        220
      ]
    },
    "_coverageSchema": "1a1c01bbd47fc00a2c39e90264f33305004495a9",
    "hash": "248f81ccbcb9ca87b4d1d5107db67188900d9511"
  },
  "/Users/samrice/Turing/4mod/streamr-fe/src/Components/Header/Header.js": {
    "path": "/Users/samrice/Turing/4mod/streamr-fe/src/Components/Header/Header.js",
    "statementMap": {
      "0": {
        "start": {
          "line": 4,
          "column": 15
        },
        "end": {
          "line": 14,
          "column": 1
        }
      },
      "1": {
        "start": {
          "line": 6,
          "column": 2
        },
        "end": {
          "line": 13,
          "column": 3
        }
      }
    },
    "fnMap": {
      "0": {
        "name": "(anonymous_0)",
        "decl": {
          "start": {
            "line": 4,
            "column": 15
          },
          "end": {
            "line": 4,
            "column": 16
          }
        },
        "loc": {
          "start": {
            "line": 4,
            "column": 21
          },
          "end": {
            "line": 14,
            "column": 1
          }
        },
        "line": 4
      }
    },
    "branchMap": {},
    "s": {
      "0": 84,
      "1": 106
    },
    "f": {
      "0": 106
    },
    "b": {},
    "_coverageSchema": "1a1c01bbd47fc00a2c39e90264f33305004495a9",
    "hash": "31412b57905cec96c36fc5f7f8227308f65bacd6"
  },
  "/Users/samrice/Turing/4mod/streamr-fe/src/Components/RecModal/Friend/Friend.js": {
    "path": "/Users/samrice/Turing/4mod/streamr-fe/src/Components/RecModal/Friend/Friend.js",
    "statementMap": {
      "0": {
        "start": {
          "line": 3,
          "column": 15
        },
        "end": {
          "line": 29,
          "column": 1
        }
      },
      "1": {
        "start": {
          "line": 5,
          "column": 33
        },
        "end": {
          "line": 13,
          "column": 5
        }
      },
      "2": {
        "start": {
          "line": 6,
          "column": 18
        },
        "end": {
          "line": 6,
          "column": 36
        }
      },
      "3": {
        "start": {
          "line": 7,
          "column": 4
        },
        "end": {
          "line": 11,
          "column": 5
        }
      },
      "4": {
        "start": {
          "line": 8,
          "column": 8
        },
        "end": {
          "line": 8,
          "column": 54
        }
      },
      "5": {
        "start": {
          "line": 8,
          "column": 41
        },
        "end": {
          "line": 8,
          "column": 52
        }
      },
      "6": {
        "start": {
          "line": 10,
          "column": 8
        },
        "end": {
          "line": 10,
          "column": 41
        }
      },
      "7": {
        "start": {
          "line": 14,
          "column": 4
        },
        "end": {
          "line": 28,
          "column": 5
        }
      }
    },
    "fnMap": {
      "0": {
        "name": "(anonymous_0)",
        "decl": {
          "start": {
            "line": 3,
            "column": 15
          },
          "end": {
            "line": 3,
            "column": 16
          }
        },
        "loc": {
          "start": {
            "line": 3,
            "column": 62
          },
          "end": {
            "line": 29,
            "column": 1
          }
        },
        "line": 3
      },
      "1": {
        "name": "(anonymous_1)",
        "decl": {
          "start": {
            "line": 5,
            "column": 33
          },
          "end": {
            "line": 5,
            "column": 34
          }
        },
        "loc": {
          "start": {
            "line": 5,
            "column": 44
          },
          "end": {
            "line": 13,
            "column": 5
          }
        },
        "line": 5
      },
      "2": {
        "name": "(anonymous_2)",
        "decl": {
          "start": {
            "line": 8,
            "column": 36
          },
          "end": {
            "line": 8,
            "column": 37
          }
        },
        "loc": {
          "start": {
            "line": 8,
            "column": 41
          },
          "end": {
            "line": 8,
            "column": 52
          }
        },
        "line": 8
      }
    },
    "branchMap": {
      "0": {
        "loc": {
          "start": {
            "line": 7,
            "column": 4
          },
          "end": {
            "line": 11,
            "column": 5
          }
        },
        "type": "if",
        "locations": [
          {
            "start": {
              "line": 7,
              "column": 4
            },
            "end": {
              "line": 11,
              "column": 5
            }
          },
          {
            "start": {
              "line": 7,
              "column": 4
            },
            "end": {
              "line": 11,
              "column": 5
            }
          }
        ],
        "line": 7
      }
    },
    "s": {
      "0": 84,
      "1": 108,
      "2": 14,
      "3": 14,
      "4": 4,
      "5": 4,
      "6": 10,
      "7": 108
    },
    "f": {
      "0": 108,
      "1": 14,
      "2": 4
    },
    "b": {
      "0": [
        4,
        10
      ]
    },
    "_coverageSchema": "1a1c01bbd47fc00a2c39e90264f33305004495a9",
    "hash": "6c67860b50ae2c1e7cfe27638e22e5439de037c1"
  },
  "/Users/samrice/Turing/4mod/streamr-fe/src/GraphQL/Mutations.js": {
    "path": "/Users/samrice/Turing/4mod/streamr-fe/src/GraphQL/Mutations.js",
    "statementMap": {
      "0": {
        "start": {
          "line": 3,
          "column": 32
        },
        "end": {
          "line": 19,
          "column": 1
        }
      },
      "1": {
        "start": {
          "line": 21,
          "column": 37
        },
        "end": {
          "line": 27,
          "column": 1
        }
      },
      "2": {
        "start": {
          "line": 29,
          "column": 35
        },
        "end": {
          "line": 48,
          "column": 1
        }
      }
    },
    "fnMap": {},
    "branchMap": {},
    "s": {
      "0": 84,
      "1": 84,
      "2": 84
    },
    "f": {},
    "b": {},
    "_coverageSchema": "1a1c01bbd47fc00a2c39e90264f33305004495a9",
    "hash": "45d99afd16a0bb4e584c02a7c179eeea227180be"
  },
  "/Users/samrice/Turing/4mod/streamr-fe/src/Components/Loading/Loading.js": {
    "path": "/Users/samrice/Turing/4mod/streamr-fe/src/Components/Loading/Loading.js",
    "statementMap": {
      "0": {
        "start": {
          "line": 3,
          "column": 16
        },
        "end": {
          "line": 9,
          "column": 1
        }
      },
      "1": {
        "start": {
          "line": 4,
          "column": 4
        },
        "end": {
          "line": 8,
          "column": 5
        }
      }
    },
    "fnMap": {
      "0": {
        "name": "(anonymous_0)",
        "decl": {
          "start": {
            "line": 3,
            "column": 16
          },
          "end": {
            "line": 3,
            "column": 17
          }
        },
        "loc": {
          "start": {
            "line": 3,
            "column": 22
          },
          "end": {
            "line": 9,
            "column": 1
          }
        },
        "line": 3
      }
    },
    "branchMap": {},
    "s": {
      "0": 84,
      "1": 66
    },
    "f": {
      "0": 66
    },
    "b": {},
    "_coverageSchema": "1a1c01bbd47fc00a2c39e90264f33305004495a9",
    "hash": "b2e373b3e83f56be97068f50c3574fbcf3c0a34a"
  },
  "/Users/samrice/Turing/4mod/streamr-fe/src/Components/RecModal/RecModal.js": {
    "path": "/Users/samrice/Turing/4mod/streamr-fe/src/Components/RecModal/RecModal.js",
    "statementMap": {
      "0": {
        "start": {
          "line": 16,
          "column": 17
        },
        "end": {
          "line": 144,
          "column": 1
        }
      },
      "1": {
        "start": {
          "line": 17,
          "column": 65
        },
        "end": {
          "line": 17,
          "column": 92
        }
      },
      "2": {
        "start": {
          "line": 18,
          "column": 28
        },
        "end": {
          "line": 18,
          "column": 51
        }
      },
      "3": {
        "start": {
          "line": 19,
          "column": 36
        },
        "end": {
          "line": 19,
          "column": 48
        }
      },
      "4": {
        "start": {
          "line": 20,
          "column": 48
        },
        "end": {
          "line": 20,
          "column": 60
        }
      },
      "5": {
        "start": {
          "line": 21,
          "column": 40
        },
        "end": {
          "line": 21,
          "column": 59
        }
      },
      "6": {
        "start": {
          "line": 22,
          "column": 35
        },
        "end": {
          "line": 22,
          "column": 67
        }
      },
      "7": {
        "start": {
          "line": 23,
          "column": 37
        },
        "end": {
          "line": 23,
          "column": 99
        }
      },
      "8": {
        "start": {
          "line": 24,
          "column": 21
        },
        "end": {
          "line": 24,
          "column": 34
        }
      },
      "9": {
        "start": {
          "line": 26,
          "column": 4
        },
        "end": {
          "line": 36,
          "column": 14
        }
      },
      "10": {
        "start": {
          "line": 27,
          "column": 8
        },
        "end": {
          "line": 34,
          "column": 9
        }
      },
      "11": {
        "start": {
          "line": 28,
          "column": 35
        },
        "end": {
          "line": 30,
          "column": 13
        }
      },
      "12": {
        "start": {
          "line": 29,
          "column": 16
        },
        "end": {
          "line": 29,
          "column": 76
        }
      },
      "13": {
        "start": {
          "line": 29,
          "column": 49
        },
        "end": {
          "line": 29,
          "column": 75
        }
      },
      "14": {
        "start": {
          "line": 32,
          "column": 12
        },
        "end": {
          "line": 32,
          "column": 47
        }
      },
      "15": {
        "start": {
          "line": 39,
          "column": 23
        },
        "end": {
          "line": 49,
          "column": 6
        }
      },
      "16": {
        "start": {
          "line": 40,
          "column": 8
        },
        "end": {
          "line": 48,
          "column": 9
        }
      },
      "17": {
        "start": {
          "line": 51,
          "column": 23
        },
        "end": {
          "line": 55,
          "column": 7
        }
      },
      "18": {
        "start": {
          "line": 52,
          "column": 8
        },
        "end": {
          "line": 52,
          "column": 31
        }
      },
      "19": {
        "start": {
          "line": 53,
          "column": 8
        },
        "end": {
          "line": 53,
          "column": 26
        }
      },
      "20": {
        "start": {
          "line": 54,
          "column": 8
        },
        "end": {
          "line": 54,
          "column": 32
        }
      },
      "21": {
        "start": {
          "line": 57,
          "column": 23
        },
        "end": {
          "line": 70,
          "column": 5
        }
      },
      "22": {
        "start": {
          "line": 58,
          "column": 8
        },
        "end": {
          "line": 58,
          "column": 30
        }
      },
      "23": {
        "start": {
          "line": 59,
          "column": 36
        },
        "end": {
          "line": 66,
          "column": 9
        }
      },
      "24": {
        "start": {
          "line": 60,
          "column": 14
        },
        "end": {
          "line": 65,
          "column": 13
        }
      },
      "25": {
        "start": {
          "line": 67,
          "column": 8
        },
        "end": {
          "line": 69,
          "column": 10
        }
      },
      "26": {
        "start": {
          "line": 68,
          "column": 12
        },
        "end": {
          "line": 68,
          "column": 37
        }
      },
      "27": {
        "start": {
          "line": 72,
          "column": 22
        },
        "end": {
          "line": 84,
          "column": 5
        }
      },
      "28": {
        "start": {
          "line": 73,
          "column": 8
        },
        "end": {
          "line": 83,
          "column": 9
        }
      },
      "29": {
        "start": {
          "line": 74,
          "column": 31
        },
        "end": {
          "line": 74,
          "column": 88
        }
      },
      "30": {
        "start": {
          "line": 75,
          "column": 12
        },
        "end": {
          "line": 78,
          "column": 13
        }
      },
      "31": {
        "start": {
          "line": 76,
          "column": 16
        },
        "end": {
          "line": 76,
          "column": 37
        }
      },
      "32": {
        "start": {
          "line": 77,
          "column": 16
        },
        "end": {
          "line": 77,
          "column": 44
        }
      },
      "33": {
        "start": {
          "line": 80,
          "column": 12
        },
        "end": {
          "line": 80,
          "column": 30
        }
      },
      "34": {
        "start": {
          "line": 81,
          "column": 12
        },
        "end": {
          "line": 81,
          "column": 35
        }
      },
      "35": {
        "start": {
          "line": 82,
          "column": 12
        },
        "end": {
          "line": 82,
          "column": 40
        }
      },
      "36": {
        "start": {
          "line": 86,
          "column": 4
        },
        "end": {
          "line": 86,
          "column": 34
        }
      },
      "37": {
        "start": {
          "line": 86,
          "column": 17
        },
        "end": {
          "line": 86,
          "column": 34
        }
      },
      "38": {
        "start": {
          "line": 87,
          "column": 4
        },
        "end": {
          "line": 90,
          "column": 5
        }
      },
      "39": {
        "start": {
          "line": 88,
          "column": 6
        },
        "end": {
          "line": 88,
          "column": 24
        }
      },
      "40": {
        "start": {
          "line": 89,
          "column": 6
        },
        "end": {
          "line": 89,
          "column": 43
        }
      },
      "41": {
        "start": {
          "line": 91,
          "column": 4
        },
        "end": {
          "line": 124,
          "column": 5
        }
      },
      "42": {
        "start": {
          "line": 92,
          "column": 8
        },
        "end": {
          "line": 107,
          "column": 9
        }
      },
      "43": {
        "start": {
          "line": 108,
          "column": 11
        },
        "end": {
          "line": 124,
          "column": 5
        }
      },
      "44": {
        "start": {
          "line": 109,
          "column": 8
        },
        "end": {
          "line": 115,
          "column": 9
        }
      },
      "45": {
        "start": {
          "line": 116,
          "column": 11
        },
        "end": {
          "line": 124,
          "column": 5
        }
      },
      "46": {
        "start": {
          "line": 117,
          "column": 8
        },
        "end": {
          "line": 123,
          "column": 9
        }
      },
      "47": {
        "start": {
          "line": 126,
          "column": 4
        },
        "end": {
          "line": 143,
          "column": 5
        }
      },
      "48": {
        "start": {
          "line": 130,
          "column": 12
        },
        "end": {
          "line": 130,
          "column": 24
        }
      }
    },
    "fnMap": {
      "0": {
        "name": "(anonymous_0)",
        "decl": {
          "start": {
            "line": 16,
            "column": 17
          },
          "end": {
            "line": 16,
            "column": 18
          }
        },
        "loc": {
          "start": {
            "line": 16,
            "column": 23
          },
          "end": {
            "line": 144,
            "column": 1
          }
        },
        "line": 16
      },
      "1": {
        "name": "(anonymous_1)",
        "decl": {
          "start": {
            "line": 26,
            "column": 14
          },
          "end": {
            "line": 26,
            "column": 15
          }
        },
        "loc": {
          "start": {
            "line": 26,
            "column": 20
          },
          "end": {
            "line": 36,
            "column": 5
          }
        },
        "line": 26
      },
      "2": {
        "name": "(anonymous_2)",
        "decl": {
          "start": {
            "line": 28,
            "column": 35
          },
          "end": {
            "line": 28,
            "column": 36
          }
        },
        "loc": {
          "start": {
            "line": 28,
            "column": 41
          },
          "end": {
            "line": 30,
            "column": 13
          }
        },
        "line": 28
      },
      "3": {
        "name": "(anonymous_3)",
        "decl": {
          "start": {
            "line": 29,
            "column": 41
          },
          "end": {
            "line": 29,
            "column": 42
          }
        },
        "loc": {
          "start": {
            "line": 29,
            "column": 49
          },
          "end": {
            "line": 29,
            "column": 75
          }
        },
        "line": 29
      },
      "4": {
        "name": "(anonymous_4)",
        "decl": {
          "start": {
            "line": 39,
            "column": 42
          },
          "end": {
            "line": 39,
            "column": 43
          }
        },
        "loc": {
          "start": {
            "line": 39,
            "column": 52
          },
          "end": {
            "line": 49,
            "column": 5
          }
        },
        "line": 39
      },
      "5": {
        "name": "(anonymous_5)",
        "decl": {
          "start": {
            "line": 51,
            "column": 23
          },
          "end": {
            "line": 51,
            "column": 24
          }
        },
        "loc": {
          "start": {
            "line": 51,
            "column": 29
          },
          "end": {
            "line": 55,
            "column": 7
          }
        },
        "line": 51
      },
      "6": {
        "name": "(anonymous_6)",
        "decl": {
          "start": {
            "line": 57,
            "column": 23
          },
          "end": {
            "line": 57,
            "column": 24
          }
        },
        "loc": {
          "start": {
            "line": 57,
            "column": 34
          },
          "end": {
            "line": 70,
            "column": 5
          }
        },
        "line": 57
      },
      "7": {
        "name": "(anonymous_7)",
        "decl": {
          "start": {
            "line": 59,
            "column": 49
          },
          "end": {
            "line": 59,
            "column": 50
          }
        },
        "loc": {
          "start": {
            "line": 60,
            "column": 14
          },
          "end": {
            "line": 65,
            "column": 13
          }
        },
        "line": 60
      },
      "8": {
        "name": "(anonymous_8)",
        "decl": {
          "start": {
            "line": 67,
            "column": 36
          },
          "end": {
            "line": 67,
            "column": 37
          }
        },
        "loc": {
          "start": {
            "line": 67,
            "column": 54
          },
          "end": {
            "line": 69,
            "column": 9
          }
        },
        "line": 67
      },
      "9": {
        "name": "(anonymous_9)",
        "decl": {
          "start": {
            "line": 72,
            "column": 22
          },
          "end": {
            "line": 72,
            "column": 23
          }
        },
        "loc": {
          "start": {
            "line": 72,
            "column": 48
          },
          "end": {
            "line": 84,
            "column": 5
          }
        },
        "line": 72
      },
      "10": {
        "name": "(anonymous_10)",
        "decl": {
          "start": {
            "line": 129,
            "column": 59
          },
          "end": {
            "line": 129,
            "column": 60
          }
        },
        "loc": {
          "start": {
            "line": 129,
            "column": 64
          },
          "end": {
            "line": 131,
            "column": 11
          }
        },
        "line": 129
      }
    },
    "branchMap": {
      "0": {
        "loc": {
          "start": {
            "line": 27,
            "column": 8
          },
          "end": {
            "line": 34,
            "column": 9
          }
        },
        "type": "if",
        "locations": [
          {
            "start": {
              "line": 27,
              "column": 8
            },
            "end": {
              "line": 34,
              "column": 9
            }
          },
          {
            "start": {
              "line": 27,
              "column": 8
            },
            "end": {
              "line": 34,
              "column": 9
            }
          }
        ],
        "line": 27
      },
      "1": {
        "loc": {
          "start": {
            "line": 75,
            "column": 12
          },
          "end": {
            "line": 78,
            "column": 13
          }
        },
        "type": "if",
        "locations": [
          {
            "start": {
              "line": 75,
              "column": 12
            },
            "end": {
              "line": 78,
              "column": 13
            }
          },
          {
            "start": {
              "line": 75,
              "column": 12
            },
            "end": {
              "line": 78,
              "column": 13
            }
          }
        ],
        "line": 75
      },
      "2": {
        "loc": {
          "start": {
            "line": 86,
            "column": 4
          },
          "end": {
            "line": 86,
            "column": 34
          }
        },
        "type": "if",
        "locations": [
          {
            "start": {
              "line": 86,
              "column": 4
            },
            "end": {
              "line": 86,
              "column": 34
            }
          },
          {
            "start": {
              "line": 86,
              "column": 4
            },
            "end": {
              "line": 86,
              "column": 34
            }
          }
        ],
        "line": 86
      },
      "3": {
        "loc": {
          "start": {
            "line": 87,
            "column": 4
          },
          "end": {
            "line": 90,
            "column": 5
          }
        },
        "type": "if",
        "locations": [
          {
            "start": {
              "line": 87,
              "column": 4
            },
            "end": {
              "line": 90,
              "column": 5
            }
          },
          {
            "start": {
              "line": 87,
              "column": 4
            },
            "end": {
              "line": 90,
              "column": 5
            }
          }
        ],
        "line": 87
      },
      "4": {
        "loc": {
          "start": {
            "line": 91,
            "column": 4
          },
          "end": {
            "line": 124,
            "column": 5
          }
        },
        "type": "if",
        "locations": [
          {
            "start": {
              "line": 91,
              "column": 4
            },
            "end": {
              "line": 124,
              "column": 5
            }
          },
          {
            "start": {
              "line": 91,
              "column": 4
            },
            "end": {
              "line": 124,
              "column": 5
            }
          }
        ],
        "line": 91
      },
      "5": {
        "loc": {
          "start": {
            "line": 96,
            "column": 18
          },
          "end": {
            "line": 103,
            "column": 31
          }
        },
        "type": "cond-expr",
        "locations": [
          {
            "start": {
              "line": 97,
              "column": 20
            },
            "end": {
              "line": 102,
              "column": 27
            }
          },
          {
            "start": {
              "line": 103,
              "column": 22
            },
            "end": {
              "line": 103,
              "column": 31
            }
          }
        ],
        "line": 96
      },
      "6": {
        "loc": {
          "start": {
            "line": 99,
            "column": 26
          },
          "end": {
            "line": 99,
            "column": 82
          }
        },
        "type": "cond-expr",
        "locations": [
          {
            "start": {
              "line": 99,
              "column": 46
            },
            "end": {
              "line": 99,
              "column": 56
            }
          },
          {
            "start": {
              "line": 99,
              "column": 58
            },
            "end": {
              "line": 99,
              "column": 82
            }
          }
        ],
        "line": 99
      },
      "7": {
        "loc": {
          "start": {
            "line": 108,
            "column": 11
          },
          "end": {
            "line": 124,
            "column": 5
          }
        },
        "type": "if",
        "locations": [
          {
            "start": {
              "line": 108,
              "column": 11
            },
            "end": {
              "line": 124,
              "column": 5
            }
          },
          {
            "start": {
              "line": 108,
              "column": 11
            },
            "end": {
              "line": 124,
              "column": 5
            }
          }
        ],
        "line": 108
      },
      "8": {
        "loc": {
          "start": {
            "line": 116,
            "column": 11
          },
          "end": {
            "line": 124,
            "column": 5
          }
        },
        "type": "if",
        "locations": [
          {
            "start": {
              "line": 116,
              "column": 11
            },
            "end": {
              "line": 124,
              "column": 5
            }
          },
          {
            "start": {
              "line": 116,
              "column": 11
            },
            "end": {
              "line": 124,
              "column": 5
            }
          }
        ],
        "line": 116
      },
      "9": {
        "loc": {
          "start": {
            "line": 132,
            "column": 18
          },
          "end": {
            "line": 139,
            "column": 31
          }
        },
        "type": "cond-expr",
        "locations": [
          {
            "start": {
              "line": 133,
              "column": 20
            },
            "end": {
              "line": 138,
              "column": 27
            }
          },
          {
            "start": {
              "line": 139,
              "column": 22
            },
            "end": {
              "line": 139,
              "column": 31
            }
          }
        ],
        "line": 132
      },
      "10": {
        "loc": {
          "start": {
            "line": 135,
            "column": 26
          },
          "end": {
            "line": 135,
            "column": 82
          }
        },
        "type": "cond-expr",
        "locations": [
          {
            "start": {
              "line": 135,
              "column": 46
            },
            "end": {
              "line": 135,
              "column": 56
            }
          },
          {
            "start": {
              "line": 135,
              "column": 58
            },
            "end": {
              "line": 135,
              "column": 82
            }
          }
        ],
        "line": 135
      },
      "11": {
        "loc": {
          "start": {
            "line": 137,
            "column": 25
          },
          "end": {
            "line": 137,
            "column": 89
          }
        },
        "type": "binary-expr",
        "locations": [
          {
            "start": {
              "line": 137,
              "column": 25
            },
            "end": {
              "line": 137,
              "column": 42
            }
          },
          {
            "start": {
              "line": 137,
              "column": 46
            },
            "end": {
              "line": 137,
              "column": 89
            }
          }
        ],
        "line": 137
      }
    },
    "s": {
      "0": 84,
      "1": 113,
      "2": 112,
      "3": 112,
      "4": 112,
      "5": 112,
      "6": 112,
      "7": 112,
      "8": 112,
      "9": 112,
      "10": 27,
      "11": 13,
      "12": 13,
      "13": 57,
      "14": 13,
      "15": 112,
      "16": 116,
      "17": 112,
      "18": 5,
      "19": 5,
      "20": 5,
      "21": 112,
      "22": 2,
      "23": 2,
      "24": 2,
      "25": 2,
      "26": 2,
      "27": 112,
      "28": 2,
      "29": 2,
      "30": 1,
      "31": 1,
      "32": 1,
      "33": 1,
      "34": 1,
      "35": 1,
      "36": 112,
      "37": 14,
      "38": 98,
      "39": 54,
      "40": 54,
      "41": 98,
      "42": 96,
      "43": 2,
      "44": 1,
      "45": 1,
      "46": 1,
      "47": 0,
      "48": 0
    },
    "f": {
      "0": 113,
      "1": 27,
      "2": 13,
      "3": 57,
      "4": 116,
      "5": 5,
      "6": 2,
      "7": 2,
      "8": 2,
      "9": 2,
      "10": 0
    },
    "b": {
      "0": [
        13,
        14
      ],
      "1": [
        1,
        0
      ],
      "2": [
        14,
        98
      ],
      "3": [
        54,
        44
      ],
      "4": [
        96,
        2
      ],
      "5": [
[...]
            "line": 60,
            "column": 22
          },
          "end": {
            "line": 60,
            "column": 23
          }
        },
        "loc": {
          "start": {
            "line": 60,
            "column": 28
          },
          "end": {
            "line": 60,
            "column": 43
          }
        },
        "line": 60
      },
      "7": {
        "name": "(anonymous_7)",
        "decl": {
          "start": {
            "line": 66,
            "column": 24
          },
          "end": {
            "line": 66,
            "column": 25
          }
        },
        "loc": {
          "start": {
            "line": 66,
            "column": 30
          },
          "end": {
            "line": 66,
            "column": 44
          }
        },
        "line": 66
      },
      "8": {
        "name": "(anonymous_8)",
        "decl": {
          "start": {
            "line": 67,
            "column": 24
          },
          "end": {
            "line": 67,
            "column": 25
          }
        },
        "loc": {
          "start": {
            "line": 67,
            "column": 30
          },
          "end": {
            "line": 67,
            "column": 45
          }
        },
        "line": 67
      }
    },
    "branchMap": {
      "0": {
        "loc": {
          "start": {
            "line": 33,
            "column": 4
          },
          "end": {
            "line": 34,
            "column": 38
          }
        },
        "type": "if",
        "locations": [
          {
            "start": {
              "line": 33,
              "column": 4
            },
            "end": {
              "line": 34,
              "column": 38
            }
          },
          {
            "start": {
              "line": 33,
              "column": 4
            },
            "end": {
              "line": 34,
              "column": 38
            }
          }
        ],
        "line": 33
      },
      "1": {
        "loc": {
          "start": {
            "line": 47,
            "column": 25
          },
          "end": {
            "line": 49,
            "column": 14
          }
        },
        "type": "cond-expr",
        "locations": [
          {
            "start": {
              "line": 48,
              "column": 4
            },
            "end": {
              "line": 48,
              "column": 30
            }
          },
          {
            "start": {
              "line": 49,
              "column": 4
            },
            "end": {
              "line": 49,
              "column": 14
            }
          }
        ],
        "line": 47
      },
      "2": {
        "loc": {
          "start": {
            "line": 56,
            "column": 13
          },
          "end": {
            "line": 56,
            "column": 49
          }
        },
        "type": "cond-expr",
        "locations": [
          {
            "start": {
              "line": 56,
              "column": 27
            },
            "end": {
              "line": 56,
              "column": 36
            }
          },
          {
            "start": {
              "line": 56,
              "column": 39
            },
            "end": {
              "line": 56,
              "column": 49
            }
          }
        ],
        "line": 56
      },
      "3": {
        "loc": {
          "start": {
            "line": 65,
            "column": 15
          },
          "end": {
            "line": 65,
            "column": 41
          }
        },
        "type": "cond-expr",
        "locations": [
          {
            "start": {
              "line": 65,
              "column": 27
            },
            "end": {
              "line": 65,
              "column": 36
            }
          },
          {
            "start": {
              "line": 65,
              "column": 39
            },
            "end": {
              "line": 65,
              "column": 41
            }
          }
        ],
        "line": 65
      },
      "4": {
        "loc": {
          "start": {
            "line": 69,
            "column": 9
          },
          "end": {
            "line": 69,
            "column": 28
          }
        },
        "type": "binary-expr",
        "locations": [
          {
            "start": {
              "line": 69,
              "column": 9
            },
            "end": {
              "line": 69,
              "column": 17
            }
          },
          {
            "start": {
              "line": 69,
              "column": 21
            },
            "end": {
              "line": 69,
              "column": 28
            }
          }
        ],
        "line": 69
      }
    },
    "s": {
      "0": 84,
      "1": 195,
      "2": 195,
      "3": 195,
      "4": 177,
      "5": 195,
      "6": 3,
      "7": 3,
      "8": 1,
      "9": 2,
      "10": 195,
      "11": 0,
      "12": 0,
      "13": 195,
      "14": 195,
      "15": 2,
      "16": 1,
      "17": 2,
      "18": 0
    },
    "f": {
      "0": 195,
      "1": 177,
      "2": 3,
      "3": 0,
      "4": 0,
      "5": 2,
      "6": 1,
      "7": 2,
      "8": 0
    },
    "b": {
      "0": [
        1,
        2
      ],
      "1": [
        6,
        189
      ],
      "2": [
        9,
        186
      ],
      "3": [
        185,
        10
      ],
      "4": [
        195,
        6
      ]
    },
    "_coverageSchema": "1a1c01bbd47fc00a2c39e90264f33305004495a9",
    "hash": "ead91d97d959307925dc85d5adaafa717ce6efbc"
  },
  "/Users/samrice/Turing/4mod/streamr-fe/src/Components/NoSearchResults/NoSearchResults.js": {
    "path": "/Users/samrice/Turing/4mod/streamr-fe/src/Components/NoSearchResults/NoSearchResults.js",
    "statementMap": {
      "0": {
        "start": {
          "line": 4,
          "column": 24
        },
        "end": {
          "line": 11,
          "column": 1
        }
      },
      "1": {
        "start": {
          "line": 5,
          "column": 4
        },
        "end": {
          "line": 10,
          "column": 5
        }
      }
    },
    "fnMap": {
      "0": {
        "name": "(anonymous_0)",
        "decl": {
          "start": {
            "line": 4,
            "column": 24
          },
          "end": {
            "line": 4,
            "column": 25
          }
        },
        "loc": {
          "start": {
            "line": 4,
            "column": 30
          },
          "end": {
            "line": 11,
            "column": 1
          }
        },
        "line": 4
      }
    },
    "branchMap": {},
    "s": {
      "0": 84,
      "1": 5
    },
    "f": {
      "0": 5
    },
    "b": {},
    "_coverageSchema": "1a1c01bbd47fc00a2c39e90264f33305004495a9",
    "hash": "72f4aa4442e39655a9b2464b92bdd6d88f63e2ed"
  },
  "/Users/samrice/Turing/4mod/streamr-fe/src/Components/SearchPage/SearchPage.js": {
    "path": "/Users/samrice/Turing/4mod/streamr-fe/src/Components/SearchPage/SearchPage.js",
    "statementMap": {
      "0": {
        "start": {
          "line": 9,
          "column": 19
        },
        "end": {
          "line": 74,
          "column": 1
        }
      },
      "1": {
        "start": {
          "line": 10,
          "column": 19
        },
        "end": {
          "line": 10,
          "column": 32
        }
      },
      "2": {
        "start": {
          "line": 11,
          "column": 22
        },
        "end": {
          "line": 11,
          "column": 33
        }
      },
      "3": {
        "start": {
          "line": 12,
          "column": 2
        },
        "end": {
          "line": 12,
          "column": 46
        }
      },
      "4": {
        "start": {
          "line": 14,
          "column": 35
        },
        "end": {
          "line": 20,
          "column": 3
        }
      },
      "5": {
        "start": {
          "line": 22,
          "column": 23
        },
        "end": {
          "line": 47,
          "column": 3
        }
      },
      "6": {
        "start": {
          "line": 23,
          "column": 4
        },
        "end": {
          "line": 46,
          "column": 5
        }
      },
      "7": {
        "start": {
          "line": 24,
          "column": 6
        },
        "end": {
          "line": 42,
          "column": 7
        }
      },
      "8": {
        "start": {
          "line": 25,
          "column": 26
        },
        "end": {
          "line": 37,
          "column": 10
        }
      },
      "9": {
        "start": {
          "line": 26,
          "column": 10
        },
        "end": {
          "line": 36,
          "column": 11
        }
      },
      "10": {
        "start": {
          "line": 38,
          "column": 8
        },
        "end": {
          "line": 38,
          "column": 24
        }
      },
      "11": {
        "start": {
          "line": 41,
          "column": 8
        },
        "end": {
          "line": 41,
          "column": 34
        }
      },
      "12": {
        "start": {
          "line": 45,
          "column": 6
        },
        "end": {
          "line": 45,
          "column": 23
        }
      },
      "13": {
        "start": {
          "line": 49,
          "column": 26
        },
        "end": {
          "line": 58,
          "column": 3
        }
      },
      "14": {
        "start": {
          "line": 50,
          "column": 4
        },
        "end": {
          "line": 57,
          "column": 5
        }
      },
      "15": {
        "start": {
          "line": 51,
          "column": 6
        },
        "end": {
          "line": 56,
          "column": 7
        }
      },
      "16": {
        "start": {
          "line": 52,
          "column": 8
        },
        "end": {
          "line": 52,
          "column": 38
        }
      },
      "17": {
        "start": {
          "line": 55,
          "column": 8
        },
        "end": {
          "line": 55,
          "column": 39
        }
      },
      "18": {
        "start": {
          "line": 60,
          "column": 2
        },
        "end": {
          "line": 60,
          "column": 33
        }
      },
      "19": {
        "start": {
          "line": 60,
          "column": 15
        },
        "end": {
          "line": 60,
          "column": 33
        }
      },
      "20": {
        "start": {
          "line": 61,
          "column": 2
        },
        "end": {
          "line": 64,
          "column": 3
        }
      },
      "21": {
        "start": {
          "line": 62,
          "column": 4
        },
        "end": {
          "line": 62,
          "column": 41
        }
      },
      "22": {
        "start": {
          "line": 63,
          "column": 4
        },
        "end": {
          "line": 63,
          "column": 10
        }
      },
      "23": {
        "start": {
          "line": 66,
          "column": 2
        },
        "end": {
          "line": 73,
          "column": 3
        }
      }
    },
    "fnMap": {
      "0": {
        "name": "(anonymous_0)",
        "decl": {
          "start": {
            "line": 9,
            "column": 19
          },
          "end": {
            "line": 9,
            "column": 20
          }
        },
        "loc": {
          "start": {
            "line": 9,
            "column": 25
          },
          "end": {
            "line": 74,
            "column": 1
          }
        },
        "line": 9
      },
      "1": {
        "name": "(anonymous_1)",
        "decl": {
          "start": {
            "line": 22,
            "column": 23
          },
          "end": {
            "line": 22,
            "column": 24
          }
        },
        "loc": {
          "start": {
            "line": 22,
            "column": 29
          },
          "end": {
            "line": 47,
            "column": 3
          }
        },
        "line": 22
      },
      "2": {
        "name": "(anonymous_2)",
        "decl": {
          "start": {
            "line": 25,
            "column": 41
          },
          "end": {
            "line": 25,
            "column": 42
          }
        },
        "loc": {
          "start": {
            "line": 25,
            "column": 49
          },
          "end": {
            "line": 37,
            "column": 9
          }
        },
        "line": 25
      },
      "3": {
        "name": "(anonymous_3)",
        "decl": {
          "start": {
            "line": 49,
            "column": 26
          },
          "end": {
            "line": 49,
            "column": 27
          }
        },
        "loc": {
          "start": {
            "line": 49,
            "column": 32
          },
          "end": {
            "line": 58,
            "column": 3
          }
        },
        "line": 49
      }
    },
    "branchMap": {
      "0": {
        "loc": {
          "start": {
            "line": 23,
            "column": 4
          },
          "end": {
            "line": 46,
            "column": 5
          }
        },
        "type": "if",
        "locations": [
          {
            "start": {
              "line": 23,
              "column": 4
            },
            "end": {
              "line": 46,
              "column": 5
            }
          },
          {
            "start": {
              "line": 23,
              "column": 4
            },
            "end": {
              "line": 46,
              "column": 5
            }
          }
        ],
        "line": 23
      },
      "1": {
        "loc": {
          "start": {
            "line": 24,
            "column": 6
          },
          "end": {
            "line": 42,
            "column": 7
          }
        },
        "type": "if",
        "locations": [
          {
            "start": {
              "line": 24,
              "column": 6
            },
            "end": {
              "line": 42,
              "column": 7
            }
          },
          {
            "start": {
              "line": 24,
              "column": 6
            },
            "end": {
              "line": 42,
              "column": 7
            }
          }
        ],
        "line": 24
      },
      "2": {
        "loc": {
          "start": {
            "line": 50,
            "column": 4
          },
          "end": {
            "line": 57,
            "column": 5
          }
        },
        "type": "if",
        "locations": [
          {
            "start": {
              "line": 50,
              "column": 4
            },
            "end": {
              "line": 57,
              "column": 5
            }
          },
          {
            "start": {
              "line": 50,
              "column": 4
            },
            "end": {
              "line": 57,
              "column": 5
            }
          }
        ],
        "line": 50
      },
      "3": {
        "loc": {
          "start": {
            "line": 51,
            "column": 6
          },
          "end": {
            "line": 56,
            "column": 7
          }
        },
        "type": "if",
        "locations": [
          {
            "start": {
              "line": 51,
              "column": 6
            },
            "end": {
              "line": 56,
              "column": 7
            }
          },
          {
            "start": {
              "line": 51,
              "column": 6
            },
            "end": {
              "line": 56,
              "column": 7
            }
          }
        ],
        "line": 51
      },
      "4": {
        "loc": {
          "start": {
            "line": 60,
            "column": 2
          },
          "end": {
            "line": 60,
            "column": 33
          }
        },
        "type": "if",
        "locations": [
          {
            "start": {
              "line": 60,
              "column": 2
            },
            "end": {
              "line": 60,
              "column": 33
            }
          },
          {
            "start": {
              "line": 60,
              "column": 2
            },
            "end": {
              "line": 60,
              "column": 33
            }
          }
        ],
        "line": 60
      },
      "5": {
        "loc": {
          "start": {
            "line": 61,
            "column": 2
          },
          "end": {
            "line": 64,
            "column": 3
          }
        },
        "type": "if",
        "locations": [
          {
            "start": {
              "line": 61,
              "column": 2
            },
            "end": {
              "line": 64,
              "column": 3
            }
          },
          {
            "start": {
              "line": 61,
              "column": 2
            },
            "end": {
              "line": 64,
              "column": 3
            }
          }
        ],
        "line": 61
      }
    },
    "s": {
      "0": 84,
      "1": 48,
      "2": 47,
      "3": 47,
      "4": 47,
      "5": 47,
      "6": 23,
      "7": 23,
      "8": 22,
      "9": 177,
      "10": 22,
      "11": 1,
      "12": 0,
      "13": 47,
      "14": 23,
      "15": 23,
      "16": 22,
      "17": 1,
      "18": 47,
      "19": 23,
      "20": 24,
      "21": 1,
      "22": 1,
      "23": 23
    },
    "f": {
      "0": 48,
      "1": 23,
      "2": 177,
      "3": 23
    },
    "b": {
      "0": [
        23,
        0
      ],
      "1": [
        22,
        1
      ],
      "2": [
        23,
        0
      ],
      "3": [
        22,
        1
      ],
      "4": [
        23,
        24
      ],
      "5": [
        1,
        23
      ]
    },
    "_coverageSchema": "1a1c01bbd47fc00a2c39e90264f33305004495a9",
    "hash": "3155c2190bbba9675fb3cc134faf07a9d70b8ec1"
  },
  "/Users/samrice/Turing/4mod/streamr-fe/src/Components/App/App.js": {
    "path": "/Users/samrice/Turing/4mod/streamr-fe/src/Components/App/App.js",
    "statementMap": {
      "0": {
        "start": {
          "line": 14,
          "column": 2
        },
        "end": {
          "line": 29,
          "column": 3
        }
      }
    },
    "fnMap": {
      "0": {
        "name": "App",
        "decl": {
          "start": {
            "line": 13,
            "column": 9
          },
          "end": {
            "line": 13,
            "column": 12
          }
        },
        "loc": {
          "start": {
            "line": 13,
            "column": 15
          },
          "end": {
            "line": 30,
            "column": 1
          }
        },
        "line": 13
      }
    },
    "branchMap": {},
    "s": {
      "0": 111
    },
    "f": {
      "0": 111
    },
    "b": {},
    "_coverageSchema": "1a1c01bbd47fc00a2c39e90264f33305004495a9",
    "hash": "ae850222392bcd88de6951663f004191ee597de8"
  },
  "/Users/samrice/Turing/4mod/streamr-fe/src/index.js": {
    "path": "/Users/samrice/Turing/4mod/streamr-fe/src/index.js",
    "statementMap": {
      "0": {
        "start": {
          "line": 11,
          "column": 15
        },
        "end": {
          "line": 15,
          "column": 2
        }
      },
      "1": {
        "start": {
          "line": 17,
          "column": 13
        },
        "end": {
          "line": 17,
          "column": 65
        }
      },
      "2": {
        "start": {
          "line": 19,
          "column": 0
        },
        "end": {
          "line": 29,
          "column": 1
        }
      }
    },
    "fnMap": {},
    "branchMap": {},
    "s": {
      "0": 84,
      "1": 84,
      "2": 84
    },
    "f": {},
    "b": {},
    "_coverageSchema": "1a1c01bbd47fc00a2c39e90264f33305004495a9",
    "hash": "7593e496faceabdd80a063a7af5fd8a380d23648"
  }
}